INFO - 2024-11-06 02:57:25 --> Session: Class initialized using 'CodeIgniter\Session\Handlers\FileHandler' driver.
INFO - 2024-11-06 02:57:28 --> Session: Class initialized using 'CodeIgniter\Session\Handlers\FileHandler' driver.
INFO - 2024-11-06 03:32:21 --> Session: Class initialized using 'CodeIgniter\Session\Handlers\FileHandler' driver.
INFO - 2024-11-06 03:32:25 --> Session: Class initialized using 'CodeIgniter\Session\Handlers\FileHandler' driver.
INFO - 2024-11-06 03:32:26 --> Session: Class initialized using 'CodeIgniter\Session\Handlers\FileHandler' driver.
INFO - 2024-11-06 03:32:30 --> Session: Class initialized using 'CodeIgniter\Session\Handlers\FileHandler' driver.
INFO - 2024-11-06 03:32:32 --> Session: Class initialized using 'CodeIgniter\Session\Handlers\FileHandler' driver.
INFO - 2024-11-06 03:32:33 --> Session: Class initialized using 'CodeIgniter\Session\Handlers\FileHandler' driver.
INFO - 2024-11-06 03:32:35 --> Session: Class initialized using 'CodeIgniter\Session\Handlers\FileHandler' driver.
INFO - 2024-11-06 03:32:37 --> Session: Class initialized using 'CodeIgniter\Session\Handlers\FileHandler' driver.
INFO - 2024-11-06 03:32:40 --> Session: Class initialized using 'CodeIgniter\Session\Handlers\FileHandler' driver.
INFO - 2024-11-06 03:32:46 --> Session: Class initialized using 'CodeIgniter\Session\Handlers\FileHandler' driver.
INFO - 2024-11-06 03:32:48 --> Session: Class initialized using 'CodeIgniter\Session\Handlers\FileHandler' driver.
INFO - 2024-11-06 03:32:49 --> Session: Class initialized using 'CodeIgniter\Session\Handlers\FileHandler' driver.
INFO - 2024-11-06 03:32:50 --> Session: Class initialized using 'CodeIgniter\Session\Handlers\FileHandler' driver.
INFO - 2024-11-06 03:32:51 --> Session: Class initialized using 'CodeIgniter\Session\Handlers\FileHandler' driver.
INFO - 2024-11-06 03:32:53 --> Session: Class initialized using 'CodeIgniter\Session\Handlers\FileHandler' driver.
INFO - 2024-11-06 03:32:55 --> Session: Class initialized using 'CodeIgniter\Session\Handlers\FileHandler' driver.
INFO - 2024-11-06 03:33:01 --> Session: Class initialized using 'CodeIgniter\Session\Handlers\FileHandler' driver.
INFO - 2024-11-06 03:33:03 --> Session: Class initialized using 'CodeIgniter\Session\Handlers\FileHandler' driver.
INFO - 2024-11-06 03:33:04 --> Session: Class initialized using 'CodeIgniter\Session\Handlers\FileHandler' driver.
INFO - 2024-11-06 03:33:06 --> Session: Class initialized using 'CodeIgniter\Session\Handlers\FileHandler' driver.
INFO - 2024-11-06 03:33:08 --> Session: Class initialized using 'CodeIgniter\Session\Handlers\FileHandler' driver.
INFO - 2024-11-06 03:33:09 --> Session: Class initialized using 'CodeIgniter\Session\Handlers\FileHandler' driver.
INFO - 2024-11-06 03:33:10 --> Session: Class initialized using 'CodeIgniter\Session\Handlers\FileHandler' driver.
INFO - 2024-11-06 03:33:12 --> Session: Class initialized using 'CodeIgniter\Session\Handlers\FileHandler' driver.
INFO - 2024-11-06 03:33:13 --> Session: Class initialized using 'CodeIgniter\Session\Handlers\FileHandler' driver.
INFO - 2024-11-06 03:33:16 --> Session: Class initialized using 'CodeIgniter\Session\Handlers\FileHandler' driver.
INFO - 2024-11-06 03:33:18 --> Session: Class initialized using 'CodeIgniter\Session\Handlers\FileHandler' driver.
INFO - 2024-11-06 03:33:19 --> Session: Class initialized using 'CodeIgniter\Session\Handlers\FileHandler' driver.
INFO - 2024-11-06 03:33:21 --> Session: Class initialized using 'CodeIgniter\Session\Handlers\FileHandler' driver.
INFO - 2024-11-06 03:33:25 --> Session: Class initialized using 'CodeIgniter\Session\Handlers\FileHandler' driver.
INFO - 2024-11-06 03:33:26 --> Session: Class initialized using 'CodeIgniter\Session\Handlers\FileHandler' driver.
INFO - 2024-11-06 03:33:26 --> Session: Class initialized using 'CodeIgniter\Session\Handlers\FileHandler' driver.
INFO - 2024-11-06 03:33:26 --> Session: Class initialized using 'CodeIgniter\Session\Handlers\FileHandler' driver.
INFO - 2024-11-06 03:33:29 --> Session: Class initialized using 'CodeIgniter\Session\Handlers\FileHandler' driver.
INFO - 2024-11-06 03:33:31 --> Session: Class initialized using 'CodeIgniter\Session\Handlers\FileHandler' driver.
INFO - 2024-11-06 03:33:32 --> Session: Class initialized using 'CodeIgniter\Session\Handlers\FileHandler' driver.
INFO - 2024-11-06 03:33:38 --> Session: Class initialized using 'CodeIgniter\Session\Handlers\FileHandler' driver.
INFO - 2024-11-06 03:33:39 --> Session: Class initialized using 'CodeIgniter\Session\Handlers\FileHandler' driver.
INFO - 2024-11-06 03:33:39 --> Session: Class initialized using 'CodeIgniter\Session\Handlers\FileHandler' driver.
INFO - 2024-11-06 03:33:39 --> Session: Class initialized using 'CodeIgniter\Session\Handlers\FileHandler' driver.
INFO - 2024-11-06 03:33:39 --> Session: Class initialized using 'CodeIgniter\Session\Handlers\FileHandler' driver.
INFO - 2024-11-06 03:33:40 --> Session: Class initialized using 'CodeIgniter\Session\Handlers\FileHandler' driver.
INFO - 2024-11-06 03:41:45 --> Session: Class initialized using 'CodeIgniter\Session\Handlers\FileHandler' driver.
INFO - 2024-11-06 03:41:48 --> Session: Class initialized using 'CodeIgniter\Session\Handlers\FileHandler' driver.
INFO - 2024-11-06 03:41:48 --> Session: Class initialized using 'CodeIgniter\Session\Handlers\FileHandler' driver.
INFO - 2024-11-06 03:41:48 --> Session: Class initialized using 'CodeIgniter\Session\Handlers\FileHandler' driver.
INFO - 2024-11-06 03:41:48 --> Session: Class initialized using 'CodeIgniter\Session\Handlers\FileHandler' driver.
INFO - 2024-11-06 03:41:48 --> Session: Class initialized using 'CodeIgniter\Session\Handlers\FileHandler' driver.
INFO - 2024-11-06 03:41:49 --> Session: Class initialized using 'CodeIgniter\Session\Handlers\FileHandler' driver.
INFO - 2024-11-06 04:05:54 --> Session: Class initialized using 'CodeIgniter\Session\Handlers\FileHandler' driver.
INFO - 2024-11-06 04:05:57 --> Session: Class initialized using 'CodeIgniter\Session\Handlers\FileHandler' driver.
INFO - 2024-11-06 04:05:57 --> Session: Class initialized using 'CodeIgniter\Session\Handlers\FileHandler' driver.
INFO - 2024-11-06 04:05:57 --> Session: Class initialized using 'CodeIgniter\Session\Handlers\FileHandler' driver.
INFO - 2024-11-06 04:05:57 --> Session: Class initialized using 'CodeIgniter\Session\Handlers\FileHandler' driver.
INFO - 2024-11-06 04:05:57 --> Session: Class initialized using 'CodeIgniter\Session\Handlers\FileHandler' driver.
INFO - 2024-11-06 04:05:59 --> Session: Class initialized using 'CodeIgniter\Session\Handlers\FileHandler' driver.
INFO - 2024-11-06 04:06:43 --> Session: Class initialized using 'CodeIgniter\Session\Handlers\FileHandler' driver.
INFO - 2024-11-06 04:06:44 --> Session: Class initialized using 'CodeIgniter\Session\Handlers\FileHandler' driver.
INFO - 2024-11-06 04:06:44 --> Session: Class initialized using 'CodeIgniter\Session\Handlers\FileHandler' driver.
INFO - 2024-11-06 04:06:44 --> Session: Class initialized using 'CodeIgniter\Session\Handlers\FileHandler' driver.
INFO - 2024-11-06 04:06:44 --> Session: Class initialized using 'CodeIgniter\Session\Handlers\FileHandler' driver.
INFO - 2024-11-06 04:06:45 --> Session: Class initialized using 'CodeIgniter\Session\Handlers\FileHandler' driver.
INFO - 2024-11-06 06:10:50 --> Session: Class initialized using 'CodeIgniter\Session\Handlers\FileHandler' driver.
INFO - 2024-11-06 06:10:52 --> Session: Class initialized using 'CodeIgniter\Session\Handlers\FileHandler' driver.
INFO - 2024-11-06 06:12:45 --> Session: Class initialized using 'CodeIgniter\Session\Handlers\FileHandler' driver.
INFO - 2024-11-06 06:12:46 --> Session: Class initialized using 'CodeIgniter\Session\Handlers\FileHandler' driver.
INFO - 2024-11-06 07:21:23 --> Session: Class initialized using 'CodeIgniter\Session\Handlers\FileHandler' driver.
INFO - 2024-11-06 07:21:25 --> Session: Class initialized using 'CodeIgniter\Session\Handlers\FileHandler' driver.
INFO - 2024-11-06 07:21:27 --> Session: Class initialized using 'CodeIgniter\Session\Handlers\FileHandler' driver.
INFO - 2024-11-06 07:22:50 --> Session: Class initialized using 'CodeIgniter\Session\Handlers\FileHandler' driver.
INFO - 2024-11-06 07:22:51 --> Session: Class initialized using 'CodeIgniter\Session\Handlers\FileHandler' driver.
INFO - 2024-11-06 07:22:53 --> Session: Class initialized using 'CodeIgniter\Session\Handlers\FileHandler' driver.
INFO - 2024-11-06 07:22:55 --> Session: Class initialized using 'CodeIgniter\Session\Handlers\FileHandler' driver.
INFO - 2024-11-06 07:24:25 --> Session: Class initialized using 'CodeIgniter\Session\Handlers\FileHandler' driver.
INFO - 2024-11-06 07:24:26 --> Session: Class initialized using 'CodeIgniter\Session\Handlers\FileHandler' driver.
INFO - 2024-11-06 07:24:27 --> Session: Class initialized using 'CodeIgniter\Session\Handlers\FileHandler' driver.
INFO - 2024-11-06 07:24:39 --> Session: Class initialized using 'CodeIgniter\Session\Handlers\FileHandler' driver.
INFO - 2024-11-06 07:24:40 --> Session: Class initialized using 'CodeIgniter\Session\Handlers\FileHandler' driver.
INFO - 2024-11-06 09:40:09 --> Session: Class initialized using 'CodeIgniter\Session\Handlers\FileHandler' driver.
INFO - 2024-11-06 09:40:12 --> Session: Class initialized using 'CodeIgniter\Session\Handlers\FileHandler' driver.
INFO - 2024-11-06 09:40:21 --> Session: Class initialized using 'CodeIgniter\Session\Handlers\FileHandler' driver.
INFO - 2024-11-06 09:40:22 --> Session: Class initialized using 'CodeIgniter\Session\Handlers\FileHandler' driver.
INFO - 2024-11-06 09:40:22 --> Session: Class initialized using 'CodeIgniter\Session\Handlers\FileHandler' driver.
INFO - 2024-11-06 09:40:22 --> Session: Class initialized using 'CodeIgniter\Session\Handlers\FileHandler' driver.
INFO - 2024-11-06 09:40:22 --> Session: Class initialized using 'CodeIgniter\Session\Handlers\FileHandler' driver.
INFO - 2024-11-06 09:40:23 --> Session: Class initialized using 'CodeIgniter\Session\Handlers\FileHandler' driver.
INFO - 2024-11-06 11:03:48 --> Session: Class initialized using 'CodeIgniter\Session\Handlers\FileHandler' driver.
INFO - 2024-11-06 11:03:49 --> Session: Class initialized using 'CodeIgniter\Session\Handlers\FileHandler' driver.
INFO - 2024-11-06 11:04:10 --> Session: Class initialized using 'CodeIgniter\Session\Handlers\FileHandler' driver.
INFO - 2024-11-06 11:04:11 --> Session: Class initialized using 'CodeIgniter\Session\Handlers\FileHandler' driver.
INFO - 2024-11-06 21:47:27 --> Session: Class initialized using 'CodeIgniter\Session\Handlers\FileHandler' driver.
INFO - 2024-11-06 21:47:30 --> Session: Class initialized using 'CodeIgniter\Session\Handlers\FileHandler' driver.
INFO - 2024-11-06 21:47:35 --> Session: Class initialized using 'CodeIgniter\Session\Handlers\FileHandler' driver.
INFO - 2024-11-06 21:47:36 --> Session: Class initialized using 'CodeIgniter\Session\Handlers\FileHandler' driver.
INFO - 2024-11-06 21:47:43 --> Session: Class initialized using 'CodeIgniter\Session\Handlers\FileHandler' driver.
INFO - 2024-11-06 21:48:01 --> Session: Class initialized using 'CodeIgniter\Session\Handlers\FileHandler' driver.
INFO - 2024-11-06 21:48:02 --> Session: Class initialized using 'CodeIgniter\Session\Handlers\FileHandler' driver.
INFO - 2024-11-06 21:48:03 --> Session: Class initialized using 'CodeIgniter\Session\Handlers\FileHandler' driver.
INFO - 2024-11-06 21:48:04 --> Session: Class initialized using 'CodeIgniter\Session\Handlers\FileHandler' driver.
INFO - 2024-11-06 21:48:05 --> Session: Class initialized using 'CodeIgniter\Session\Handlers\FileHandler' driver.
INFO - 2024-11-06 21:48:06 --> Session: Class initialized using 'CodeIgniter\Session\Handlers\FileHandler' driver.
INFO - 2024-11-06 21:48:08 --> Session: Class initialized using 'CodeIgniter\Session\Handlers\FileHandler' driver.
INFO - 2024-11-06 21:48:17 --> Session: Class initialized using 'CodeIgniter\Session\Handlers\FileHandler' driver.
INFO - 2024-11-06 21:48:21 --> Session: Class initialized using 'CodeIgniter\Session\Handlers\FileHandler' driver.
INFO - 2024-11-06 21:48:21 --> Session: Class initialized using 'CodeIgniter\Session\Handlers\FileHandler' driver.
INFO - 2024-11-06 21:59:36 --> Session: Class initialized using 'CodeIgniter\Session\Handlers\FileHandler' driver.
INFO - 2024-11-06 21:59:53 --> Session: Class initialized using 'CodeIgniter\Session\Handlers\FileHandler' driver.
INFO - 2024-11-06 22:10:09 --> Session: Class initialized using 'CodeIgniter\Session\Handlers\FileHandler' driver.
INFO - 2024-11-06 22:10:10 --> Session: Class initialized using 'CodeIgniter\Session\Handlers\FileHandler' driver.
INFO - 2024-11-06 22:10:12 --> Session: Class initialized using 'CodeIgniter\Session\Handlers\FileHandler' driver.
INFO - 2024-11-06 22:10:12 --> Session: Class initialized using 'CodeIgniter\Session\Handlers\FileHandler' driver.
INFO - 2024-11-06 22:10:13 --> Session: Class initialized using 'CodeIgniter\Session\Handlers\FileHandler' driver.
INFO - 2024-11-06 22:10:15 --> Session: Class initialized using 'CodeIgniter\Session\Handlers\FileHandler' driver.
INFO - 2024-11-06 22:10:15 --> Session: Class initialized using 'CodeIgniter\Session\Handlers\FileHandler' driver.
INFO - 2024-11-06 22:10:15 --> Session: Class initialized using 'CodeIgniter\Session\Handlers\FileHandler' driver.
INFO - 2024-11-06 22:10:15 --> Session: Class initialized using 'CodeIgniter\Session\Handlers\FileHandler' driver.
INFO - 2024-11-06 22:10:16 --> Session: Class initialized using 'CodeIgniter\Session\Handlers\FileHandler' driver.
INFO - 2024-11-06 22:10:16 --> Session: Class initialized using 'CodeIgniter\Session\Handlers\FileHandler' driver.
INFO - 2024-11-06 23:39:47 --> Session: Class initialized using 'CodeIgniter\Session\Handlers\FileHandler' driver.
INFO - 2024-11-06 23:39:49 --> Session: Class initialized using 'CodeIgniter\Session\Handlers\FileHandler' driver.
INFO - 2024-11-06 23:40:21 --> Session: Class initialized using 'CodeIgniter\Session\Handlers\FileHandler' driver.
INFO - 2024-11-06 23:40:22 --> Session: Class initialized using 'CodeIgniter\Session\Handlers\FileHandler' driver.
INFO - 2024-11-06 23:40:25 --> Session: Class initialized using 'CodeIgniter\Session\Handlers\FileHandler' driver.
INFO - 2024-11-06 23:40:28 --> Session: Class initialized using 'CodeIgniter\Session\Handlers\FileHandler' driver.
INFO - 2024-11-06 23:40:28 --> Session: Class initialized using 'CodeIgniter\Session\Handlers\FileHandler' driver.
INFO - 2024-11-06 23:40:29 --> Session: Class initialized using 'CodeIgniter\Session\Handlers\FileHandler' driver.
INFO - 2024-11-06 23:40:30 --> Session: Class initialized using 'CodeIgniter\Session\Handlers\FileHandler' driver.
INFO - 2024-11-06 23:40:32 --> Session: Class initialized using 'CodeIgniter\Session\Handlers\FileHandler' driver.
INFO - 2024-11-06 23:40:33 --> Session: Class initialized using 'CodeIgniter\Session\Handlers\FileHandler' driver.
INFO - 2024-11-06 23:40:36 --> Session: Class initialized using 'CodeIgniter\Session\Handlers\FileHandler' driver.
INFO - 2024-11-06 23:40:37 --> Session: Class initialized using 'CodeIgniter\Session\Handlers\FileHandler' driver.
INFO - 2024-11-06 23:40:37 --> Session: Class initialized using 'CodeIgniter\Session\Handlers\FileHandler' driver.
INFO - 2024-11-06 23:40:38 --> Session: Class initialized using 'CodeIgniter\Session\Handlers\FileHandler' driver.
INFO - 2024-11-06 23:40:39 --> Session: Class initialized using 'CodeIgniter\Session\Handlers\FileHandler' driver.
INFO - 2024-11-06 23:40:41 --> Session: Class initialized using 'CodeIgniter\Session\Handlers\FileHandler' driver.
INFO - 2024-11-06 23:40:42 --> Session: Class initialized using 'CodeIgniter\Session\Handlers\FileHandler' driver.
INFO - 2024-11-06 23:40:42 --> Session: Class initialized using 'CodeIgniter\Session\Handlers\FileHandler' driver.
INFO - 2024-11-06 23:40:44 --> Session: Class initialized using 'CodeIgniter\Session\Handlers\FileHandler' driver.
INFO - 2024-11-06 23:40:44 --> Session: Class initialized using 'CodeIgniter\Session\Handlers\FileHandler' driver.
INFO - 2024-11-06 23:40:53 --> Session: Class initialized using 'CodeIgniter\Session\Handlers\FileHandler' driver.
INFO - 2024-11-06 23:41:20 --> Session: Class initialized using 'CodeIgniter\Session\Handlers\FileHandler' driver.
INFO - 2024-11-06 23:42:02 --> Session: Class initialized using 'CodeIgniter\Session\Handlers\FileHandler' driver.
INFO - 2024-11-06 23:44:59 --> Session: Class initialized using 'CodeIgniter\Session\Handlers\FileHandler' driver.
ERROR - 2024-11-06 23:44:59 --> mysqli_sql_exception: Duplicate entry ' PI/24-25/0132' for key 'PRIMARY' in C:\xampp\htdocs\C4\system\Database\MySQLi\Connection.php:314
Stack trace:
#0 C:\xampp\htdocs\C4\system\Database\MySQLi\Connection.php(314): mysqli->query('INSERT INTO `pr...')
#1 C:\xampp\htdocs\C4\system\Database\BaseConnection.php(713): CodeIgniter\Database\MySQLi\Connection->execute('INSERT INTO `pr...')
#2 C:\xampp\htdocs\C4\system\Database\BaseConnection.php(641): CodeIgniter\Database\BaseConnection->simpleQuery('INSERT INTO `pr...')
#3 C:\xampp\htdocs\C4\system\Database\BaseBuilder.php(2107): CodeIgniter\Database\BaseConnection->query('INSERT INTO `pr...', Array, false)
#4 C:\xampp\htdocs\C4\system\Model.php(323): CodeIgniter\Database\BaseBuilder->insertBatch(Array, NULL, 100)
#5 C:\xampp\htdocs\C4\system\BaseModel.php(843): CodeIgniter\Model->doInsertBatch(Array, NULL, 100, false)
#6 C:\xampp\htdocs\C4\app\Controllers\Proinv.php(520): CodeIgniter\BaseModel->insertBatch(Array)
#7 C:\xampp\htdocs\C4\system\CodeIgniter.php(936): App\Controllers\Proinv->insert()
#8 C:\xampp\htdocs\C4\system\CodeIgniter.php(432): CodeIgniter\CodeIgniter->runController(Object(App\Controllers\Proinv))
#9 C:\xampp\htdocs\C4\system\CodeIgniter.php(333): CodeIgniter\CodeIgniter->handleRequest(NULL, Object(Config\Cache), false)
#10 C:\xampp\htdocs\C4\index.php(44): CodeIgniter\CodeIgniter->run()
#11 {main}
CRITICAL - 2024-11-06 23:44:59 --> Duplicate entry ' PI/24-25/0132' for key 'PRIMARY'
#0 C:\xampp\htdocs\C4\system\Database\MySQLi\Connection.php(314): mysqli->query('INSERT INTO `pr...')
#1 C:\xampp\htdocs\C4\system\Database\BaseConnection.php(713): CodeIgniter\Database\MySQLi\Connection->execute('INSERT INTO `pr...')
#2 C:\xampp\htdocs\C4\system\Database\BaseConnection.php(641): CodeIgniter\Database\BaseConnection->simpleQuery('INSERT INTO `pr...')
#3 C:\xampp\htdocs\C4\system\Database\BaseBuilder.php(2107): CodeIgniter\Database\BaseConnection->query('INSERT INTO `pr...', Array, false)
#4 C:\xampp\htdocs\C4\system\Model.php(323): CodeIgniter\Database\BaseBuilder->insertBatch(Array, NULL, 100)
#5 C:\xampp\htdocs\C4\system\BaseModel.php(843): CodeIgniter\Model->doInsertBatch(Array, NULL, 100, false)
#6 C:\xampp\htdocs\C4\app\Controllers\Proinv.php(520): CodeIgniter\BaseModel->insertBatch(Array)
#7 C:\xampp\htdocs\C4\system\CodeIgniter.php(936): App\Controllers\Proinv->insert()
#8 C:\xampp\htdocs\C4\system\CodeIgniter.php(432): CodeIgniter\CodeIgniter->runController(Object(App\Controllers\Proinv))
#9 C:\xampp\htdocs\C4\system\CodeIgniter.php(333): CodeIgniter\CodeIgniter->handleRequest(NULL, Object(Config\Cache), false)
#10 C:\xampp\htdocs\C4\index.php(44): CodeIgniter\CodeIgniter->run()
#11 {main}
INFO - 2024-11-06 23:45:26 --> Session: Class initialized using 'CodeIgniter\Session\Handlers\FileHandler' driver.
ERROR - 2024-11-06 23:45:27 --> mysqli_sql_exception: Duplicate entry ' PI/24-25/0132' for key 'PRIMARY' in C:\xampp\htdocs\C4\system\Database\MySQLi\Connection.php:314
Stack trace:
#0 C:\xampp\htdocs\C4\system\Database\MySQLi\Connection.php(314): mysqli->query('INSERT INTO `pr...')
#1 C:\xampp\htdocs\C4\system\Database\BaseConnection.php(713): CodeIgniter\Database\MySQLi\Connection->execute('INSERT INTO `pr...')
#2 C:\xampp\htdocs\C4\system\Database\BaseConnection.php(641): CodeIgniter\Database\BaseConnection->simpleQuery('INSERT INTO `pr...')
#3 C:\xampp\htdocs\C4\system\Database\BaseBuilder.php(2107): CodeIgniter\Database\BaseConnection->query('INSERT INTO `pr...', Array, false)
#4 C:\xampp\htdocs\C4\system\Model.php(323): CodeIgniter\Database\BaseBuilder->insertBatch(Array, NULL, 100)
#5 C:\xampp\htdocs\C4\system\BaseModel.php(843): CodeIgniter\Model->doInsertBatch(Array, NULL, 100, false)
#6 C:\xampp\htdocs\C4\app\Controllers\Proinv.php(520): CodeIgniter\BaseModel->insertBatch(Array)
#7 C:\xampp\htdocs\C4\system\CodeIgniter.php(936): App\Controllers\Proinv->insert()
#8 C:\xampp\htdocs\C4\system\CodeIgniter.php(432): CodeIgniter\CodeIgniter->runController(Object(App\Controllers\Proinv))
#9 C:\xampp\htdocs\C4\system\CodeIgniter.php(333): CodeIgniter\CodeIgniter->handleRequest(NULL, Object(Config\Cache), false)
#10 C:\xampp\htdocs\C4\index.php(44): CodeIgniter\CodeIgniter->run()
#11 {main}
CRITICAL - 2024-11-06 23:45:27 --> Duplicate entry ' PI/24-25/0132' for key 'PRIMARY'
#0 C:\xampp\htdocs\C4\system\Database\MySQLi\Connection.php(314): mysqli->query('INSERT INTO `pr...')
#1 C:\xampp\htdocs\C4\system\Database\BaseConnection.php(713): CodeIgniter\Database\MySQLi\Connection->execute('INSERT INTO `pr...')
#2 C:\xampp\htdocs\C4\system\Database\BaseConnection.php(641): CodeIgniter\Database\BaseConnection->simpleQuery('INSERT INTO `pr...')
#3 C:\xampp\htdocs\C4\system\Database\BaseBuilder.php(2107): CodeIgniter\Database\BaseConnection->query('INSERT INTO `pr...', Array, false)
#4 C:\xampp\htdocs\C4\system\Model.php(323): CodeIgniter\Database\BaseBuilder->insertBatch(Array, NULL, 100)
#5 C:\xampp\htdocs\C4\system\BaseModel.php(843): CodeIgniter\Model->doInsertBatch(Array, NULL, 100, false)
#6 C:\xampp\htdocs\C4\app\Controllers\Proinv.php(520): CodeIgniter\BaseModel->insertBatch(Array)
#7 C:\xampp\htdocs\C4\system\CodeIgniter.php(936): App\Controllers\Proinv->insert()
#8 C:\xampp\htdocs\C4\system\CodeIgniter.php(432): CodeIgniter\CodeIgniter->runController(Object(App\Controllers\Proinv))
#9 C:\xampp\htdocs\C4\system\CodeIgniter.php(333): CodeIgniter\CodeIgniter->handleRequest(NULL, Object(Config\Cache), false)
#10 C:\xampp\htdocs\C4\index.php(44): CodeIgniter\CodeIgniter->run()
#11 {main}
INFO - 2024-11-06 23:45:32 --> Session: Class initialized using 'CodeIgniter\Session\Handlers\FileHandler' driver.
ERROR - 2024-11-06 23:45:32 --> mysqli_sql_exception: Duplicate entry ' PI/24-25/0132' for key 'PRIMARY' in C:\xampp\htdocs\C4\system\Database\MySQLi\Connection.php:314
Stack trace:
#0 C:\xampp\htdocs\C4\system\Database\MySQLi\Connection.php(314): mysqli->query('INSERT INTO `pr...')
#1 C:\xampp\htdocs\C4\system\Database\BaseConnection.php(713): CodeIgniter\Database\MySQLi\Connection->execute('INSERT INTO `pr...')
#2 C:\xampp\htdocs\C4\system\Database\BaseConnection.php(641): CodeIgniter\Database\BaseConnection->simpleQuery('INSERT INTO `pr...')
#3 C:\xampp\htdocs\C4\system\Database\BaseBuilder.php(2107): CodeIgniter\Database\BaseConnection->query('INSERT INTO `pr...', Array, false)
#4 C:\xampp\htdocs\C4\system\Model.php(323): CodeIgniter\Database\BaseBuilder->insertBatch(Array, NULL, 100)
#5 C:\xampp\htdocs\C4\system\BaseModel.php(843): CodeIgniter\Model->doInsertBatch(Array, NULL, 100, false)
#6 C:\xampp\htdocs\C4\app\Controllers\Proinv.php(520): CodeIgniter\BaseModel->insertBatch(Array)
#7 C:\xampp\htdocs\C4\system\CodeIgniter.php(936): App\Controllers\Proinv->insert()
#8 C:\xampp\htdocs\C4\system\CodeIgniter.php(432): CodeIgniter\CodeIgniter->runController(Object(App\Controllers\Proinv))
#9 C:\xampp\htdocs\C4\system\CodeIgniter.php(333): CodeIgniter\CodeIgniter->handleRequest(NULL, Object(Config\Cache), false)
#10 C:\xampp\htdocs\C4\index.php(44): CodeIgniter\CodeIgniter->run()
#11 {main}
CRITICAL - 2024-11-06 23:45:32 --> Duplicate entry ' PI/24-25/0132' for key 'PRIMARY'
#0 C:\xampp\htdocs\C4\system\Database\MySQLi\Connection.php(314): mysqli->query('INSERT INTO `pr...')
#1 C:\xampp\htdocs\C4\system\Database\BaseConnection.php(713): CodeIgniter\Database\MySQLi\Connection->execute('INSERT INTO `pr...')
#2 C:\xampp\htdocs\C4\system\Database\BaseConnection.php(641): CodeIgniter\Database\BaseConnection->simpleQuery('INSERT INTO `pr...')
#3 C:\xampp\htdocs\C4\system\Database\BaseBuilder.php(2107): CodeIgniter\Database\BaseConnection->query('INSERT INTO `pr...', Array, false)
#4 C:\xampp\htdocs\C4\system\Model.php(323): CodeIgniter\Database\BaseBuilder->insertBatch(Array, NULL, 100)
#5 C:\xampp\htdocs\C4\system\BaseModel.php(843): CodeIgniter\Model->doInsertBatch(Array, NULL, 100, false)
#6 C:\xampp\htdocs\C4\app\Controllers\Proinv.php(520): CodeIgniter\BaseModel->insertBatch(Array)
#7 C:\xampp\htdocs\C4\system\CodeIgniter.php(936): App\Controllers\Proinv->insert()
#8 C:\xampp\htdocs\C4\system\CodeIgniter.php(432): CodeIgniter\CodeIgniter->runController(Object(App\Controllers\Proinv))
#9 C:\xampp\htdocs\C4\system\CodeIgniter.php(333): CodeIgniter\CodeIgniter->handleRequest(NULL, Object(Config\Cache), false)
#10 C:\xampp\htdocs\C4\index.php(44): CodeIgniter\CodeIgniter->run()
#11 {main}
INFO - 2024-11-06 23:45:35 --> Session: Class initialized using 'CodeIgniter\Session\Handlers\FileHandler' driver.
ERROR - 2024-11-06 23:45:35 --> mysqli_sql_exception: Duplicate entry ' PI/24-25/0132' for key 'PRIMARY' in C:\xampp\htdocs\C4\system\Database\MySQLi\Connection.php:314
Stack trace:
#0 C:\xampp\htdocs\C4\system\Database\MySQLi\Connection.php(314): mysqli->query('INSERT INTO `pr...')
#1 C:\xampp\htdocs\C4\system\Database\BaseConnection.php(713): CodeIgniter\Database\MySQLi\Connection->execute('INSERT INTO `pr...')
#2 C:\xampp\htdocs\C4\system\Database\BaseConnection.php(641): CodeIgniter\Database\BaseConnection->simpleQuery('INSERT INTO `pr...')
#3 C:\xampp\htdocs\C4\system\Database\BaseBuilder.php(2107): CodeIgniter\Database\BaseConnection->query('INSERT INTO `pr...', Array, false)
#4 C:\xampp\htdocs\C4\system\Model.php(323): CodeIgniter\Database\BaseBuilder->insertBatch(Array, NULL, 100)
#5 C:\xampp\htdocs\C4\system\BaseModel.php(843): CodeIgniter\Model->doInsertBatch(Array, NULL, 100, false)
#6 C:\xampp\htdocs\C4\app\Controllers\Proinv.php(520): CodeIgniter\BaseModel->insertBatch(Array)
#7 C:\xampp\htdocs\C4\system\CodeIgniter.php(936): App\Controllers\Proinv->insert()
#8 C:\xampp\htdocs\C4\system\CodeIgniter.php(432): CodeIgniter\CodeIgniter->runController(Object(App\Controllers\Proinv))
#9 C:\xampp\htdocs\C4\system\CodeIgniter.php(333): CodeIgniter\CodeIgniter->handleRequest(NULL, Object(Config\Cache), false)
#10 C:\xampp\htdocs\C4\index.php(44): CodeIgniter\CodeIgniter->run()
#11 {main}
CRITICAL - 2024-11-06 23:45:35 --> Duplicate entry ' PI/24-25/0132' for key 'PRIMARY'
#0 C:\xampp\htdocs\C4\system\Database\MySQLi\Connection.php(314): mysqli->query('INSERT INTO `pr...')
#1 C:\xampp\htdocs\C4\system\Database\BaseConnection.php(713): CodeIgniter\Database\MySQLi\Connection->execute('INSERT INTO `pr...')
#2 C:\xampp\htdocs\C4\system\Database\BaseConnection.php(641): CodeIgniter\Database\BaseConnection->simpleQuery('INSERT INTO `pr...')
#3 C:\xampp\htdocs\C4\system\Database\BaseBuilder.php(2107): CodeIgniter\Database\BaseConnection->query('INSERT INTO `pr...', Array, false)
#4 C:\xampp\htdocs\C4\system\Model.php(323): CodeIgniter\Database\BaseBuilder->insertBatch(Array, NULL, 100)
#5 C:\xampp\htdocs\C4\system\BaseModel.php(843): CodeIgniter\Model->doInsertBatch(Array, NULL, 100, false)
#6 C:\xampp\htdocs\C4\app\Controllers\Proinv.php(520): CodeIgniter\BaseModel->insertBatch(Array)
#7 C:\xampp\htdocs\C4\system\CodeIgniter.php(936): App\Controllers\Proinv->insert()
#8 C:\xampp\htdocs\C4\system\CodeIgniter.php(432): CodeIgniter\CodeIgniter->runController(Object(App\Controllers\Proinv))
#9 C:\xampp\htdocs\C4\system\CodeIgniter.php(333): CodeIgniter\CodeIgniter->handleRequest(NULL, Object(Config\Cache), false)
#10 C:\xampp\htdocs\C4\index.php(44): CodeIgniter\CodeIgniter->run()
#11 {main}
INFO - 2024-11-06 23:45:36 --> Session: Class initialized using 'CodeIgniter\Session\Handlers\FileHandler' driver.
ERROR - 2024-11-06 23:45:36 --> mysqli_sql_exception: Duplicate entry ' PI/24-25/0132' for key 'PRIMARY' in C:\xampp\htdocs\C4\system\Database\MySQLi\Connection.php:314
Stack trace:
#0 C:\xampp\htdocs\C4\system\Database\MySQLi\Connection.php(314): mysqli->query('INSERT INTO `pr...')
#1 C:\xampp\htdocs\C4\system\Database\BaseConnection.php(713): CodeIgniter\Database\MySQLi\Connection->execute('INSERT INTO `pr...')
#2 C:\xampp\htdocs\C4\system\Database\BaseConnection.php(641): CodeIgniter\Database\BaseConnection->simpleQuery('INSERT INTO `pr...')
#3 C:\xampp\htdocs\C4\system\Database\BaseBuilder.php(2107): CodeIgniter\Database\BaseConnection->query('INSERT INTO `pr...', Array, false)
#4 C:\xampp\htdocs\C4\system\Model.php(323): CodeIgniter\Database\BaseBuilder->insertBatch(Array, NULL, 100)
#5 C:\xampp\htdocs\C4\system\BaseModel.php(843): CodeIgniter\Model->doInsertBatch(Array, NULL, 100, false)
#6 C:\xampp\htdocs\C4\app\Controllers\Proinv.php(520): CodeIgniter\BaseModel->insertBatch(Array)
#7 C:\xampp\htdocs\C4\system\CodeIgniter.php(936): App\Controllers\Proinv->insert()
#8 C:\xampp\htdocs\C4\system\CodeIgniter.php(432): CodeIgniter\CodeIgniter->runController(Object(App\Controllers\Proinv))
#9 C:\xampp\htdocs\C4\system\CodeIgniter.php(333): CodeIgniter\CodeIgniter->handleRequest(NULL, Object(Config\Cache), false)
#10 C:\xampp\htdocs\C4\index.php(44): CodeIgniter\CodeIgniter->run()
#11 {main}
CRITICAL - 2024-11-06 23:45:36 --> Duplicate entry ' PI/24-25/0132' for key 'PRIMARY'
#0 C:\xampp\htdocs\C4\system\Database\MySQLi\Connection.php(314): mysqli->query('INSERT INTO `pr...')
#1 C:\xampp\htdocs\C4\system\Database\BaseConnection.php(713): CodeIgniter\Database\MySQLi\Connection->execute('INSERT INTO `pr...')
#2 C:\xampp\htdocs\C4\system\Database\BaseConnection.php(641): CodeIgniter\Database\BaseConnection->simpleQuery('INSERT INTO `pr...')
#3 C:\xampp\htdocs\C4\system\Database\BaseBuilder.php(2107): CodeIgniter\Database\BaseConnection->query('INSERT INTO `pr...', Array, false)
#4 C:\xampp\htdocs\C4\system\Model.php(323): CodeIgniter\Database\BaseBuilder->insertBatch(Array, NULL, 100)
#5 C:\xampp\htdocs\C4\system\BaseModel.php(843): CodeIgniter\Model->doInsertBatch(Array, NULL, 100, false)
#6 C:\xampp\htdocs\C4\app\Controllers\Proinv.php(520): CodeIgniter\BaseModel->insertBatch(Array)
#7 C:\xampp\htdocs\C4\system\CodeIgniter.php(936): App\Controllers\Proinv->insert()
#8 C:\xampp\htdocs\C4\system\CodeIgniter.php(432): CodeIgniter\CodeIgniter->runController(Object(App\Controllers\Proinv))
#9 C:\xampp\htdocs\C4\system\CodeIgniter.php(333): CodeIgniter\CodeIgniter->handleRequest(NULL, Object(Config\Cache), false)
#10 C:\xampp\htdocs\C4\index.php(44): CodeIgniter\CodeIgniter->run()
#11 {main}
INFO - 2024-11-06 23:45:36 --> Session: Class initialized using 'CodeIgniter\Session\Handlers\FileHandler' driver.
ERROR - 2024-11-06 23:45:36 --> mysqli_sql_exception: Duplicate entry ' PI/24-25/0132' for key 'PRIMARY' in C:\xampp\htdocs\C4\system\Database\MySQLi\Connection.php:314
Stack trace:
#0 C:\xampp\htdocs\C4\system\Database\MySQLi\Connection.php(314): mysqli->query('INSERT INTO `pr...')
#1 C:\xampp\htdocs\C4\system\Database\BaseConnection.php(713): CodeIgniter\Database\MySQLi\Connection->execute('INSERT INTO `pr...')
#2 C:\xampp\htdocs\C4\system\Database\BaseConnection.php(641): CodeIgniter\Database\BaseConnection->simpleQuery('INSERT INTO `pr...')
#3 C:\xampp\htdocs\C4\system\Database\BaseBuilder.php(2107): CodeIgniter\Database\BaseConnection->query('INSERT INTO `pr...', Array, false)
#4 C:\xampp\htdocs\C4\system\Model.php(323): CodeIgniter\Database\BaseBuilder->insertBatch(Array, NULL, 100)
#5 C:\xampp\htdocs\C4\system\BaseModel.php(843): CodeIgniter\Model->doInsertBatch(Array, NULL, 100, false)
#6 C:\xampp\htdocs\C4\app\Controllers\Proinv.php(520): CodeIgniter\BaseModel->insertBatch(Array)
#7 C:\xampp\htdocs\C4\system\CodeIgniter.php(936): App\Controllers\Proinv->insert()
#8 C:\xampp\htdocs\C4\system\CodeIgniter.php(432): CodeIgniter\CodeIgniter->runController(Object(App\Controllers\Proinv))
#9 C:\xampp\htdocs\C4\system\CodeIgniter.php(333): CodeIgniter\CodeIgniter->handleRequest(NULL, Object(Config\Cache), false)
#10 C:\xampp\htdocs\C4\index.php(44): CodeIgniter\CodeIgniter->run()
#11 {main}
CRITICAL - 2024-11-06 23:45:36 --> Duplicate entry ' PI/24-25/0132' for key 'PRIMARY'
#0 C:\xampp\htdocs\C4\system\Database\MySQLi\Connection.php(314): mysqli->query('INSERT INTO `pr...')
#1 C:\xampp\htdocs\C4\system\Database\BaseConnection.php(713): CodeIgniter\Database\MySQLi\Connection->execute('INSERT INTO `pr...')
#2 C:\xampp\htdocs\C4\system\Database\BaseConnection.php(641): CodeIgniter\Database\BaseConnection->simpleQuery('INSERT INTO `pr...')
#3 C:\xampp\htdocs\C4\system\Database\BaseBuilder.php(2107): CodeIgniter\Database\BaseConnection->query('INSERT INTO `pr...', Array, false)
#4 C:\xampp\htdocs\C4\system\Model.php(323): CodeIgniter\Database\BaseBuilder->insertBatch(Array, NULL, 100)
#5 C:\xampp\htdocs\C4\system\BaseModel.php(843): CodeIgniter\Model->doInsertBatch(Array, NULL, 100, false)
#6 C:\xampp\htdocs\C4\app\Controllers\Proinv.php(520): CodeIgniter\BaseModel->insertBatch(Array)
#7 C:\xampp\htdocs\C4\system\CodeIgniter.php(936): App\Controllers\Proinv->insert()
#8 C:\xampp\htdocs\C4\system\CodeIgniter.php(432): CodeIgniter\CodeIgniter->runController(Object(App\Controllers\Proinv))
#9 C:\xampp\htdocs\C4\system\CodeIgniter.php(333): CodeIgniter\CodeIgniter->handleRequest(NULL, Object(Config\Cache), false)
#10 C:\xampp\htdocs\C4\index.php(44): CodeIgniter\CodeIgniter->run()
#11 {main}
INFO - 2024-11-06 23:45:36 --> Session: Class initialized using 'CodeIgniter\Session\Handlers\FileHandler' driver.
ERROR - 2024-11-06 23:45:36 --> mysqli_sql_exception: Duplicate entry ' PI/24-25/0132' for key 'PRIMARY' in C:\xampp\htdocs\C4\system\Database\MySQLi\Connection.php:314
Stack trace:
#0 C:\xampp\htdocs\C4\system\Database\MySQLi\Connection.php(314): mysqli->query('INSERT INTO `pr...')
#1 C:\xampp\htdocs\C4\system\Database\BaseConnection.php(713): CodeIgniter\Database\MySQLi\Connection->execute('INSERT INTO `pr...')
#2 C:\xampp\htdocs\C4\system\Database\BaseConnection.php(641): CodeIgniter\Database\BaseConnection->simpleQuery('INSERT INTO `pr...')
#3 C:\xampp\htdocs\C4\system\Database\BaseBuilder.php(2107): CodeIgniter\Database\BaseConnection->query('INSERT INTO `pr...', Array, false)
#4 C:\xampp\htdocs\C4\system\Model.php(323): CodeIgniter\Database\BaseBuilder->insertBatch(Array, NULL, 100)
#5 C:\xampp\htdocs\C4\system\BaseModel.php(843): CodeIgniter\Model->doInsertBatch(Array, NULL, 100, false)
#6 C:\xampp\htdocs\C4\app\Controllers\Proinv.php(520): CodeIgniter\BaseModel->insertBatch(Array)
#7 C:\xampp\htdocs\C4\system\CodeIgniter.php(936): App\Controllers\Proinv->insert()
#8 C:\xampp\htdocs\C4\system\CodeIgniter.php(432): CodeIgniter\CodeIgniter->runController(Object(App\Controllers\Proinv))
#9 C:\xampp\htdocs\C4\system\CodeIgniter.php(333): CodeIgniter\CodeIgniter->handleRequest(NULL, Object(Config\Cache), false)
#10 C:\xampp\htdocs\C4\index.php(44): CodeIgniter\CodeIgniter->run()
#11 {main}
CRITICAL - 2024-11-06 23:45:36 --> Duplicate entry ' PI/24-25/0132' for key 'PRIMARY'
#0 C:\xampp\htdocs\C4\system\Database\MySQLi\Connection.php(314): mysqli->query('INSERT INTO `pr...')
#1 C:\xampp\htdocs\C4\system\Database\BaseConnection.php(713): CodeIgniter\Database\MySQLi\Connection->execute('INSERT INTO `pr...')
#2 C:\xampp\htdocs\C4\system\Database\BaseConnection.php(641): CodeIgniter\Database\BaseConnection->simpleQuery('INSERT INTO `pr...')
#3 C:\xampp\htdocs\C4\system\Database\BaseBuilder.php(2107): CodeIgniter\Database\BaseConnection->query('INSERT INTO `pr...', Array, false)
#4 C:\xampp\htdocs\C4\system\Model.php(323): CodeIgniter\Database\BaseBuilder->insertBatch(Array, NULL, 100)
#5 C:\xampp\htdocs\C4\system\BaseModel.php(843): CodeIgniter\Model->doInsertBatch(Array, NULL, 100, false)
#6 C:\xampp\htdocs\C4\app\Controllers\Proinv.php(520): CodeIgniter\BaseModel->insertBatch(Array)
#7 C:\xampp\htdocs\C4\system\CodeIgniter.php(936): App\Controllers\Proinv->insert()
#8 C:\xampp\htdocs\C4\system\CodeIgniter.php(432): CodeIgniter\CodeIgniter->runController(Object(App\Controllers\Proinv))
#9 C:\xampp\htdocs\C4\system\CodeIgniter.php(333): CodeIgniter\CodeIgniter->handleRequest(NULL, Object(Config\Cache), false)
#10 C:\xampp\htdocs\C4\index.php(44): CodeIgniter\CodeIgniter->run()
#11 {main}
INFO - 2024-11-06 23:45:36 --> Session: Class initialized using 'CodeIgniter\Session\Handlers\FileHandler' driver.
ERROR - 2024-11-06 23:45:37 --> mysqli_sql_exception: Duplicate entry ' PI/24-25/0132' for key 'PRIMARY' in C:\xampp\htdocs\C4\system\Database\MySQLi\Connection.php:314
Stack trace:
#0 C:\xampp\htdocs\C4\system\Database\MySQLi\Connection.php(314): mysqli->query('INSERT INTO `pr...')
#1 C:\xampp\htdocs\C4\system\Database\BaseConnection.php(713): CodeIgniter\Database\MySQLi\Connection->execute('INSERT INTO `pr...')
#2 C:\xampp\htdocs\C4\system\Database\BaseConnection.php(641): CodeIgniter\Database\BaseConnection->simpleQuery('INSERT INTO `pr...')
#3 C:\xampp\htdocs\C4\system\Database\BaseBuilder.php(2107): CodeIgniter\Database\BaseConnection->query('INSERT INTO `pr...', Array, false)
#4 C:\xampp\htdocs\C4\system\Model.php(323): CodeIgniter\Database\BaseBuilder->insertBatch(Array, NULL, 100)
#5 C:\xampp\htdocs\C4\system\BaseModel.php(843): CodeIgniter\Model->doInsertBatch(Array, NULL, 100, false)
#6 C:\xampp\htdocs\C4\app\Controllers\Proinv.php(520): CodeIgniter\BaseModel->insertBatch(Array)
#7 C:\xampp\htdocs\C4\system\CodeIgniter.php(936): App\Controllers\Proinv->insert()
#8 C:\xampp\htdocs\C4\system\CodeIgniter.php(432): CodeIgniter\CodeIgniter->runController(Object(App\Controllers\Proinv))
#9 C:\xampp\htdocs\C4\system\CodeIgniter.php(333): CodeIgniter\CodeIgniter->handleRequest(NULL, Object(Config\Cache), false)
#10 C:\xampp\htdocs\C4\index.php(44): CodeIgniter\CodeIgniter->run()
#11 {main}
CRITICAL - 2024-11-06 23:45:37 --> Duplicate entry ' PI/24-25/0132' for key 'PRIMARY'
#0 C:\xampp\htdocs\C4\system\Database\MySQLi\Connection.php(314): mysqli->query('INSERT INTO `pr...')
#1 C:\xampp\htdocs\C4\system\Database\BaseConnection.php(713): CodeIgniter\Database\MySQLi\Connection->execute('INSERT INTO `pr...')
#2 C:\xampp\htdocs\C4\system\Database\BaseConnection.php(641): CodeIgniter\Database\BaseConnection->simpleQuery('INSERT INTO `pr...')
#3 C:\xampp\htdocs\C4\system\Database\BaseBuilder.php(2107): CodeIgniter\Database\BaseConnection->query('INSERT INTO `pr...', Array, false)
#4 C:\xampp\htdocs\C4\system\Model.php(323): CodeIgniter\Database\BaseBuilder->insertBatch(Array, NULL, 100)
#5 C:\xampp\htdocs\C4\system\BaseModel.php(843): CodeIgniter\Model->doInsertBatch(Array, NULL, 100, false)
#6 C:\xampp\htdocs\C4\app\Controllers\Proinv.php(520): CodeIgniter\BaseModel->insertBatch(Array)
#7 C:\xampp\htdocs\C4\system\CodeIgniter.php(936): App\Controllers\Proinv->insert()
#8 C:\xampp\htdocs\C4\system\CodeIgniter.php(432): CodeIgniter\CodeIgniter->runController(Object(App\Controllers\Proinv))
#9 C:\xampp\htdocs\C4\system\CodeIgniter.php(333): CodeIgniter\CodeIgniter->handleRequest(NULL, Object(Config\Cache), false)
#10 C:\xampp\htdocs\C4\index.php(44): CodeIgniter\CodeIgniter->run()
#11 {main}
INFO - 2024-11-06 23:45:37 --> Session: Class initialized using 'CodeIgniter\Session\Handlers\FileHandler' driver.
ERROR - 2024-11-06 23:45:37 --> mysqli_sql_exception: Duplicate entry ' PI/24-25/0132' for key 'PRIMARY' in C:\xampp\htdocs\C4\system\Database\MySQLi\Connection.php:314
Stack trace:
#0 C:\xampp\htdocs\C4\system\Database\MySQLi\Connection.php(314): mysqli->query('INSERT INTO `pr...')
#1 C:\xampp\htdocs\C4\system\Database\BaseConnection.php(713): CodeIgniter\Database\MySQLi\Connection->execute('INSERT INTO `pr...')
#2 C:\xampp\htdocs\C4\system\Database\BaseConnection.php(641): CodeIgniter\Database\BaseConnection->simpleQuery('INSERT INTO `pr...')
#3 C:\xampp\htdocs\C4\system\Database\BaseBuilder.php(2107): CodeIgniter\Database\BaseConnection->query('INSERT INTO `pr...', Array, false)
#4 C:\xampp\htdocs\C4\system\Model.php(323): CodeIgniter\Database\BaseBuilder->insertBatch(Array, NULL, 100)
#5 C:\xampp\htdocs\C4\system\BaseModel.php(843): CodeIgniter\Model->doInsertBatch(Array, NULL, 100, false)
#6 C:\xampp\htdocs\C4\app\Controllers\Proinv.php(520): CodeIgniter\BaseModel->insertBatch(Array)
#7 C:\xampp\htdocs\C4\system\CodeIgniter.php(936): App\Controllers\Proinv->insert()
#8 C:\xampp\htdocs\C4\system\CodeIgniter.php(432): CodeIgniter\CodeIgniter->runController(Object(App\Controllers\Proinv))
#9 C:\xampp\htdocs\C4\system\CodeIgniter.php(333): CodeIgniter\CodeIgniter->handleRequest(NULL, Object(Config\Cache), false)
#10 C:\xampp\htdocs\C4\index.php(44): CodeIgniter\CodeIgniter->run()
#11 {main}
CRITICAL - 2024-11-06 23:45:37 --> Duplicate entry ' PI/24-25/0132' for key 'PRIMARY'
#0 C:\xampp\htdocs\C4\system\Database\MySQLi\Connection.php(314): mysqli->query('INSERT INTO `pr...')
#1 C:\xampp\htdocs\C4\system\Database\BaseConnection.php(713): CodeIgniter\Database\MySQLi\Connection->execute('INSERT INTO `pr...')
#2 C:\xampp\htdocs\C4\system\Database\BaseConnection.php(641): CodeIgniter\Database\BaseConnection->simpleQuery('INSERT INTO `pr...')
#3 C:\xampp\htdocs\C4\system\Database\BaseBuilder.php(2107): CodeIgniter\Database\BaseConnection->query('INSERT INTO `pr...', Array, false)
#4 C:\xampp\htdocs\C4\system\Model.php(323): CodeIgniter\Database\BaseBuilder->insertBatch(Array, NULL, 100)
#5 C:\xampp\htdocs\C4\system\BaseModel.php(843): CodeIgniter\Model->doInsertBatch(Array, NULL, 100, false)
#6 C:\xampp\htdocs\C4\app\Controllers\Proinv.php(520): CodeIgniter\BaseModel->insertBatch(Array)
#7 C:\xampp\htdocs\C4\system\CodeIgniter.php(936): App\Controllers\Proinv->insert()
#8 C:\xampp\htdocs\C4\system\CodeIgniter.php(432): CodeIgniter\CodeIgniter->runController(Object(App\Controllers\Proinv))
#9 C:\xampp\htdocs\C4\system\CodeIgniter.php(333): CodeIgniter\CodeIgniter->handleRequest(NULL, Object(Config\Cache), false)
#10 C:\xampp\htdocs\C4\index.php(44): CodeIgniter\CodeIgniter->run()
#11 {main}
INFO - 2024-11-06 23:58:14 --> Session: Class initialized using 'CodeIgniter\Session\Handlers\FileHandler' driver.
INFO - 2024-11-06 23:58:16 --> Session: Class initialized using 'CodeIgniter\Session\Handlers\FileHandler' driver.
INFO - 2024-11-06 23:58:57 --> Session: Class initialized using 'CodeIgniter\Session\Handlers\FileHandler' driver.
INFO - 2024-11-06 23:58:57 --> Session: Class initialized using 'CodeIgniter\Session\Handlers\FileHandler' driver.
INFO - 2024-11-06 23:58:57 --> Session: Class initialized using 'CodeIgniter\Session\Handlers\FileHandler' driver.
INFO - 2024-11-06 23:58:57 --> Session: Class initialized using 'CodeIgniter\Session\Handlers\FileHandler' driver.
INFO - 2024-11-06 23:58:57 --> Session: Class initialized using 'CodeIgniter\Session\Handlers\FileHandler' driver.
INFO - 2024-11-06 23:58:58 --> Session: Class initialized using 'CodeIgniter\Session\Handlers\FileHandler' driver.
