INFO - 2024-12-06 09:44:45 --> Session: Class initialized using 'CodeIgniter\Session\Handlers\FileHandler' driver.
INFO - 2024-12-06 09:44:55 --> Session: Class initialized using 'CodeIgniter\Session\Handlers\FileHandler' driver.
INFO - 2024-12-06 09:49:35 --> Session: Class initialized using 'CodeIgniter\Session\Handlers\FileHandler' driver.
CRITICAL - 2024-12-06 09:49:35 --> Undefined variable: delivery_addresses
#0 C:\xampp\htdocs\C4\app\Views\print\print taxinv.php(205): CodeIgniter\Debug\Exceptions->errorHandler(8, 'Undefined varia...', 'C:\\xampp\\htdocs...', 205, Array)
#1 C:\xampp\htdocs\C4\system\View\View.php(220): include('C:\\xampp\\htdocs...')
#2 C:\xampp\htdocs\C4\system\View\View.php(222): CodeIgniter\View\View->CodeIgniter\View\{closure}()
#3 C:\xampp\htdocs\C4\system\Common.php(1217): CodeIgniter\View\View->render('print/print tax...', Array, true)
#4 C:\xampp\htdocs\C4\app\Controllers\Taxinv.php(756): view('print/print tax...', Array)
#5 C:\xampp\htdocs\C4\system\CodeIgniter.php(936): App\Controllers\Taxinv->printtaxinv()
#6 C:\xampp\htdocs\C4\system\CodeIgniter.php(432): CodeIgniter\CodeIgniter->runController(Object(App\Controllers\Taxinv))
#7 C:\xampp\htdocs\C4\system\CodeIgniter.php(333): CodeIgniter\CodeIgniter->handleRequest(NULL, Object(Config\Cache), false)
#8 C:\xampp\htdocs\C4\index.php(44): CodeIgniter\CodeIgniter->run()
#9 {main}
INFO - 2024-12-06 09:50:19 --> Session: Class initialized using 'CodeIgniter\Session\Handlers\FileHandler' driver.
INFO - 2024-12-06 09:50:20 --> Session: Class initialized using 'CodeIgniter\Session\Handlers\FileHandler' driver.
INFO - 2024-12-06 10:04:59 --> Session: Class initialized using 'CodeIgniter\Session\Handlers\FileHandler' driver.
CRITICAL - 2024-12-06 10:04:59 --> syntax error, unexpected '" % )"' (T_CONSTANT_ENCAPSED_STRING), expecting ';' or ','
#0 C:\xampp\htdocs\C4\system\View\View.php(222): CodeIgniter\View\View->CodeIgniter\View\{closure}()
#1 C:\xampp\htdocs\C4\system\Common.php(1217): CodeIgniter\View\View->render('print/print tax...', Array, true)
#2 C:\xampp\htdocs\C4\app\Controllers\Taxinv.php(756): view('print/print tax...', Array)
#3 C:\xampp\htdocs\C4\system\CodeIgniter.php(936): App\Controllers\Taxinv->printtaxinv()
#4 C:\xampp\htdocs\C4\system\CodeIgniter.php(432): CodeIgniter\CodeIgniter->runController(Object(App\Controllers\Taxinv))
#5 C:\xampp\htdocs\C4\system\CodeIgniter.php(333): CodeIgniter\CodeIgniter->handleRequest(NULL, Object(Config\Cache), false)
#6 C:\xampp\htdocs\C4\index.php(44): CodeIgniter\CodeIgniter->run()
#7 {main}
INFO - 2024-12-06 10:06:31 --> Session: Class initialized using 'CodeIgniter\Session\Handlers\FileHandler' driver.
CRITICAL - 2024-12-06 10:06:31 --> syntax error, unexpected '" %"' (T_CONSTANT_ENCAPSED_STRING), expecting ';' or ','
#0 C:\xampp\htdocs\C4\system\View\View.php(222): CodeIgniter\View\View->CodeIgniter\View\{closure}()
#1 C:\xampp\htdocs\C4\system\Common.php(1217): CodeIgniter\View\View->render('print/print tax...', Array, true)
#2 C:\xampp\htdocs\C4\app\Controllers\Taxinv.php(756): view('print/print tax...', Array)
#3 C:\xampp\htdocs\C4\system\CodeIgniter.php(936): App\Controllers\Taxinv->printtaxinv()
#4 C:\xampp\htdocs\C4\system\CodeIgniter.php(432): CodeIgniter\CodeIgniter->runController(Object(App\Controllers\Taxinv))
#5 C:\xampp\htdocs\C4\system\CodeIgniter.php(333): CodeIgniter\CodeIgniter->handleRequest(NULL, Object(Config\Cache), false)
#6 C:\xampp\htdocs\C4\index.php(44): CodeIgniter\CodeIgniter->run()
#7 {main}
INFO - 2024-12-06 10:07:08 --> Session: Class initialized using 'CodeIgniter\Session\Handlers\FileHandler' driver.
CRITICAL - 2024-12-06 10:07:08 --> syntax error, unexpected '" %)"' (T_CONSTANT_ENCAPSED_STRING), expecting ';' or ','
#0 C:\xampp\htdocs\C4\system\View\View.php(222): CodeIgniter\View\View->CodeIgniter\View\{closure}()
#1 C:\xampp\htdocs\C4\system\Common.php(1217): CodeIgniter\View\View->render('print/print tax...', Array, true)
#2 C:\xampp\htdocs\C4\app\Controllers\Taxinv.php(756): view('print/print tax...', Array)
#3 C:\xampp\htdocs\C4\system\CodeIgniter.php(936): App\Controllers\Taxinv->printtaxinv()
#4 C:\xampp\htdocs\C4\system\CodeIgniter.php(432): CodeIgniter\CodeIgniter->runController(Object(App\Controllers\Taxinv))
#5 C:\xampp\htdocs\C4\system\CodeIgniter.php(333): CodeIgniter\CodeIgniter->handleRequest(NULL, Object(Config\Cache), false)
#6 C:\xampp\htdocs\C4\index.php(44): CodeIgniter\CodeIgniter->run()
#7 {main}
INFO - 2024-12-06 10:07:29 --> Session: Class initialized using 'CodeIgniter\Session\Handlers\FileHandler' driver.
CRITICAL - 2024-12-06 10:07:29 --> syntax error, unexpected '" %)"' (T_CONSTANT_ENCAPSED_STRING), expecting ';' or ','
#0 C:\xampp\htdocs\C4\system\View\View.php(222): CodeIgniter\View\View->CodeIgniter\View\{closure}()
#1 C:\xampp\htdocs\C4\system\Common.php(1217): CodeIgniter\View\View->render('print/print tax...', Array, true)
#2 C:\xampp\htdocs\C4\app\Controllers\Taxinv.php(756): view('print/print tax...', Array)
#3 C:\xampp\htdocs\C4\system\CodeIgniter.php(936): App\Controllers\Taxinv->printtaxinv()
#4 C:\xampp\htdocs\C4\system\CodeIgniter.php(432): CodeIgniter\CodeIgniter->runController(Object(App\Controllers\Taxinv))
#5 C:\xampp\htdocs\C4\system\CodeIgniter.php(333): CodeIgniter\CodeIgniter->handleRequest(NULL, Object(Config\Cache), false)
#6 C:\xampp\htdocs\C4\index.php(44): CodeIgniter\CodeIgniter->run()
#7 {main}
INFO - 2024-12-06 10:07:47 --> Session: Class initialized using 'CodeIgniter\Session\Handlers\FileHandler' driver.
CRITICAL - 2024-12-06 10:07:47 --> syntax error, unexpected '" %)"' (T_CONSTANT_ENCAPSED_STRING), expecting ';' or ','
#0 C:\xampp\htdocs\C4\system\View\View.php(222): CodeIgniter\View\View->CodeIgniter\View\{closure}()
#1 C:\xampp\htdocs\C4\system\Common.php(1217): CodeIgniter\View\View->render('print/print tax...', Array, true)
#2 C:\xampp\htdocs\C4\app\Controllers\Taxinv.php(756): view('print/print tax...', Array)
#3 C:\xampp\htdocs\C4\system\CodeIgniter.php(936): App\Controllers\Taxinv->printtaxinv()
#4 C:\xampp\htdocs\C4\system\CodeIgniter.php(432): CodeIgniter\CodeIgniter->runController(Object(App\Controllers\Taxinv))
#5 C:\xampp\htdocs\C4\system\CodeIgniter.php(333): CodeIgniter\CodeIgniter->handleRequest(NULL, Object(Config\Cache), false)
#6 C:\xampp\htdocs\C4\index.php(44): CodeIgniter\CodeIgniter->run()
#7 {main}
INFO - 2024-12-06 10:08:47 --> Session: Class initialized using 'CodeIgniter\Session\Handlers\FileHandler' driver.
CRITICAL - 2024-12-06 10:08:47 --> syntax error, unexpected '" %)"' (T_CONSTANT_ENCAPSED_STRING), expecting ';' or ','
#0 C:\xampp\htdocs\C4\system\View\View.php(222): CodeIgniter\View\View->CodeIgniter\View\{closure}()
#1 C:\xampp\htdocs\C4\system\Common.php(1217): CodeIgniter\View\View->render('print/print tax...', Array, true)
#2 C:\xampp\htdocs\C4\app\Controllers\Taxinv.php(756): view('print/print tax...', Array)
#3 C:\xampp\htdocs\C4\system\CodeIgniter.php(936): App\Controllers\Taxinv->printtaxinv()
#4 C:\xampp\htdocs\C4\system\CodeIgniter.php(432): CodeIgniter\CodeIgniter->runController(Object(App\Controllers\Taxinv))
#5 C:\xampp\htdocs\C4\system\CodeIgniter.php(333): CodeIgniter\CodeIgniter->handleRequest(NULL, Object(Config\Cache), false)
#6 C:\xampp\htdocs\C4\index.php(44): CodeIgniter\CodeIgniter->run()
#7 {main}
INFO - 2024-12-06 10:08:53 --> Session: Class initialized using 'CodeIgniter\Session\Handlers\FileHandler' driver.
CRITICAL - 2024-12-06 10:08:53 --> syntax error, unexpected '" %)"' (T_CONSTANT_ENCAPSED_STRING), expecting ';' or ','
#0 C:\xampp\htdocs\C4\system\View\View.php(222): CodeIgniter\View\View->CodeIgniter\View\{closure}()
#1 C:\xampp\htdocs\C4\system\Common.php(1217): CodeIgniter\View\View->render('print/print tax...', Array, true)
#2 C:\xampp\htdocs\C4\app\Controllers\Taxinv.php(756): view('print/print tax...', Array)
#3 C:\xampp\htdocs\C4\system\CodeIgniter.php(936): App\Controllers\Taxinv->printtaxinv()
#4 C:\xampp\htdocs\C4\system\CodeIgniter.php(432): CodeIgniter\CodeIgniter->runController(Object(App\Controllers\Taxinv))
#5 C:\xampp\htdocs\C4\system\CodeIgniter.php(333): CodeIgniter\CodeIgniter->handleRequest(NULL, Object(Config\Cache), false)
#6 C:\xampp\htdocs\C4\index.php(44): CodeIgniter\CodeIgniter->run()
#7 {main}
INFO - 2024-12-06 10:09:36 --> Session: Class initialized using 'CodeIgniter\Session\Handlers\FileHandler' driver.
CRITICAL - 2024-12-06 10:09:36 --> syntax error, unexpected '" % )"' (T_CONSTANT_ENCAPSED_STRING), expecting ';' or ','
#0 C:\xampp\htdocs\C4\system\View\View.php(222): CodeIgniter\View\View->CodeIgniter\View\{closure}()
#1 C:\xampp\htdocs\C4\system\Common.php(1217): CodeIgniter\View\View->render('print/print tax...', Array, true)
#2 C:\xampp\htdocs\C4\app\Controllers\Taxinv.php(756): view('print/print tax...', Array)
#3 C:\xampp\htdocs\C4\system\CodeIgniter.php(936): App\Controllers\Taxinv->printtaxinv()
#4 C:\xampp\htdocs\C4\system\CodeIgniter.php(432): CodeIgniter\CodeIgniter->runController(Object(App\Controllers\Taxinv))
#5 C:\xampp\htdocs\C4\system\CodeIgniter.php(333): CodeIgniter\CodeIgniter->handleRequest(NULL, Object(Config\Cache), false)
#6 C:\xampp\htdocs\C4\index.php(44): CodeIgniter\CodeIgniter->run()
#7 {main}
INFO - 2024-12-06 10:10:01 --> Session: Class initialized using 'CodeIgniter\Session\Handlers\FileHandler' driver.
CRITICAL - 2024-12-06 10:10:01 --> Call to undefined function digtoval()
#0 C:\xampp\htdocs\C4\system\View\View.php(220): include()
#1 C:\xampp\htdocs\C4\system\View\View.php(222): CodeIgniter\View\View->CodeIgniter\View\{closure}()
#2 C:\xampp\htdocs\C4\system\Common.php(1217): CodeIgniter\View\View->render('print/print tax...', Array, true)
#3 C:\xampp\htdocs\C4\app\Controllers\Taxinv.php(756): view('print/print tax...', Array)
#4 C:\xampp\htdocs\C4\system\CodeIgniter.php(936): App\Controllers\Taxinv->printtaxinv()
#5 C:\xampp\htdocs\C4\system\CodeIgniter.php(432): CodeIgniter\CodeIgniter->runController(Object(App\Controllers\Taxinv))
#6 C:\xampp\htdocs\C4\system\CodeIgniter.php(333): CodeIgniter\CodeIgniter->handleRequest(NULL, Object(Config\Cache), false)
#7 C:\xampp\htdocs\C4\index.php(44): CodeIgniter\CodeIgniter->run()
#8 {main}
