INFO - 2024-12-03 02:04:39 --> Session: Class initialized using 'CodeIgniter\Session\Handlers\FileHandler' driver.
INFO - 2024-12-03 02:04:42 --> Session: Class initialized using 'CodeIgniter\Session\Handlers\FileHandler' driver.
INFO - 2024-12-03 02:21:30 --> Session: Class initialized using 'CodeIgniter\Session\Handlers\FileHandler' driver.
CRITICAL - 2024-12-03 02:21:30 --> Class 'App\Controllers\Invtest2_model' not found
#0 C:\xampp\htdocs\C4\system\CodeIgniter.php(936): App\Controllers\Taxinv->printtaxinv()
#1 C:\xampp\htdocs\C4\system\CodeIgniter.php(432): CodeIgniter\CodeIgniter->runController(Object(App\Controllers\Taxinv))
#2 C:\xampp\htdocs\C4\system\CodeIgniter.php(333): CodeIgniter\CodeIgniter->handleRequest(NULL, Object(Config\Cache), false)
#3 C:\xampp\htdocs\C4\index.php(44): CodeIgniter\CodeIgniter->run()
#4 {main}
INFO - 2024-12-03 02:21:43 --> Session: Class initialized using 'CodeIgniter\Session\Handlers\FileHandler' driver.
INFO - 2024-12-03 02:21:46 --> Session: Class initialized using 'CodeIgniter\Session\Handlers\FileHandler' driver.
INFO - 2024-12-03 02:24:48 --> Session: Class initialized using 'CodeIgniter\Session\Handlers\FileHandler' driver.
CRITICAL - 2024-12-03 02:24:48 --> Undefined variable: invDetails
#0 C:\xampp\htdocs\C4\app\Views\print\print taxinv.php(209): CodeIgniter\Debug\Exceptions->errorHandler(8, 'Undefined varia...', 'C:\\xampp\\htdocs...', 209, Array)
#1 C:\xampp\htdocs\C4\system\View\View.php(220): include('C:\\xampp\\htdocs...')
#2 C:\xampp\htdocs\C4\system\View\View.php(222): CodeIgniter\View\View->CodeIgniter\View\{closure}()
#3 C:\xampp\htdocs\C4\system\Common.php(1217): CodeIgniter\View\View->render('print/print tax...', Array, true)
#4 C:\xampp\htdocs\C4\app\Controllers\Taxinv.php(750): view('print/print tax...', Array)
#5 C:\xampp\htdocs\C4\system\CodeIgniter.php(936): App\Controllers\Taxinv->printtaxinv()
#6 C:\xampp\htdocs\C4\system\CodeIgniter.php(432): CodeIgniter\CodeIgniter->runController(Object(App\Controllers\Taxinv))
#7 C:\xampp\htdocs\C4\system\CodeIgniter.php(333): CodeIgniter\CodeIgniter->handleRequest(NULL, Object(Config\Cache), false)
#8 C:\xampp\htdocs\C4\index.php(44): CodeIgniter\CodeIgniter->run()
#9 {main}
INFO - 2024-12-03 02:26:01 --> Session: Class initialized using 'CodeIgniter\Session\Handlers\FileHandler' driver.
CRITICAL - 2024-12-03 02:26:01 --> Undefined index: invid
#0 C:\xampp\htdocs\C4\app\Views\print\print taxinv.php(209): CodeIgniter\Debug\Exceptions->errorHandler(8, 'Undefined index...', 'C:\\xampp\\htdocs...', 209, Array)
#1 C:\xampp\htdocs\C4\system\View\View.php(220): include('C:\\xampp\\htdocs...')
#2 C:\xampp\htdocs\C4\system\View\View.php(222): CodeIgniter\View\View->CodeIgniter\View\{closure}()
#3 C:\xampp\htdocs\C4\system\Common.php(1217): CodeIgniter\View\View->render('print/print tax...', Array, true)
#4 C:\xampp\htdocs\C4\app\Controllers\Taxinv.php(751): view('print/print tax...', Array)
#5 C:\xampp\htdocs\C4\system\CodeIgniter.php(936): App\Controllers\Taxinv->printtaxinv()
#6 C:\xampp\htdocs\C4\system\CodeIgniter.php(432): CodeIgniter\CodeIgniter->runController(Object(App\Controllers\Taxinv))
#7 C:\xampp\htdocs\C4\system\CodeIgniter.php(333): CodeIgniter\CodeIgniter->handleRequest(NULL, Object(Config\Cache), false)
#8 C:\xampp\htdocs\C4\index.php(44): CodeIgniter\CodeIgniter->run()
#9 {main}
INFO - 2024-12-03 02:26:52 --> Session: Class initialized using 'CodeIgniter\Session\Handlers\FileHandler' driver.
CRITICAL - 2024-12-03 02:26:52 --> Undefined index: invid
#0 C:\xampp\htdocs\C4\app\Views\print\print taxinv.php(209): CodeIgniter\Debug\Exceptions->errorHandler(8, 'Undefined index...', 'C:\\xampp\\htdocs...', 209, Array)
#1 C:\xampp\htdocs\C4\system\View\View.php(220): include('C:\\xampp\\htdocs...')
#2 C:\xampp\htdocs\C4\system\View\View.php(222): CodeIgniter\View\View->CodeIgniter\View\{closure}()
#3 C:\xampp\htdocs\C4\system\Common.php(1217): CodeIgniter\View\View->render('print/print tax...', Array, true)
#4 C:\xampp\htdocs\C4\app\Controllers\Taxinv.php(751): view('print/print tax...', Array)
#5 C:\xampp\htdocs\C4\system\CodeIgniter.php(936): App\Controllers\Taxinv->printtaxinv()
#6 C:\xampp\htdocs\C4\system\CodeIgniter.php(432): CodeIgniter\CodeIgniter->runController(Object(App\Controllers\Taxinv))
#7 C:\xampp\htdocs\C4\system\CodeIgniter.php(333): CodeIgniter\CodeIgniter->handleRequest(NULL, Object(Config\Cache), false)
#8 C:\xampp\htdocs\C4\index.php(44): CodeIgniter\CodeIgniter->run()
#9 {main}
INFO - 2024-12-03 02:29:18 --> Session: Class initialized using 'CodeIgniter\Session\Handlers\FileHandler' driver.
CRITICAL - 2024-12-03 02:29:19 --> Undefined index: invid
#0 C:\xampp\htdocs\C4\app\Views\print\print taxinv.php(209): CodeIgniter\Debug\Exceptions->errorHandler(8, 'Undefined index...', 'C:\\xampp\\htdocs...', 209, Array)
#1 C:\xampp\htdocs\C4\system\View\View.php(220): include('C:\\xampp\\htdocs...')
#2 C:\xampp\htdocs\C4\system\View\View.php(222): CodeIgniter\View\View->CodeIgniter\View\{closure}()
#3 C:\xampp\htdocs\C4\system\Common.php(1217): CodeIgniter\View\View->render('print/print tax...', Array, true)
#4 C:\xampp\htdocs\C4\app\Controllers\Taxinv.php(751): view('print/print tax...', Array)
#5 C:\xampp\htdocs\C4\system\CodeIgniter.php(936): App\Controllers\Taxinv->printtaxinv()
#6 C:\xampp\htdocs\C4\system\CodeIgniter.php(432): CodeIgniter\CodeIgniter->runController(Object(App\Controllers\Taxinv))
#7 C:\xampp\htdocs\C4\system\CodeIgniter.php(333): CodeIgniter\CodeIgniter->handleRequest(NULL, Object(Config\Cache), false)
#8 C:\xampp\htdocs\C4\index.php(44): CodeIgniter\CodeIgniter->run()
#9 {main}
INFO - 2024-12-03 02:30:52 --> Session: Class initialized using 'CodeIgniter\Session\Handlers\FileHandler' driver.
INFO - 2024-12-03 02:30:54 --> Session: Class initialized using 'CodeIgniter\Session\Handlers\FileHandler' driver.
INFO - 2024-12-03 02:30:57 --> Session: Class initialized using 'CodeIgniter\Session\Handlers\FileHandler' driver.
INFO - 2024-12-03 02:30:58 --> Session: Class initialized using 'CodeIgniter\Session\Handlers\FileHandler' driver.
INFO - 2024-12-03 02:31:06 --> Session: Class initialized using 'CodeIgniter\Session\Handlers\FileHandler' driver.
CRITICAL - 2024-12-03 02:31:06 --> Undefined index: invid
#0 C:\xampp\htdocs\C4\app\Views\print\print taxinv.php(209): CodeIgniter\Debug\Exceptions->errorHandler(8, 'Undefined index...', 'C:\\xampp\\htdocs...', 209, Array)
#1 C:\xampp\htdocs\C4\system\View\View.php(220): include('C:\\xampp\\htdocs...')
#2 C:\xampp\htdocs\C4\system\View\View.php(222): CodeIgniter\View\View->CodeIgniter\View\{closure}()
#3 C:\xampp\htdocs\C4\system\Common.php(1217): CodeIgniter\View\View->render('print/print tax...', Array, true)
#4 C:\xampp\htdocs\C4\app\Controllers\Taxinv.php(751): view('print/print tax...', Array)
#5 C:\xampp\htdocs\C4\system\CodeIgniter.php(936): App\Controllers\Taxinv->printtaxinv()
#6 C:\xampp\htdocs\C4\system\CodeIgniter.php(432): CodeIgniter\CodeIgniter->runController(Object(App\Controllers\Taxinv))
#7 C:\xampp\htdocs\C4\system\CodeIgniter.php(333): CodeIgniter\CodeIgniter->handleRequest(NULL, Object(Config\Cache), false)
#8 C:\xampp\htdocs\C4\index.php(44): CodeIgniter\CodeIgniter->run()
#9 {main}
INFO - 2024-12-03 02:31:31 --> Session: Class initialized using 'CodeIgniter\Session\Handlers\FileHandler' driver.
INFO - 2024-12-03 02:31:32 --> Session: Class initialized using 'CodeIgniter\Session\Handlers\FileHandler' driver.
INFO - 2024-12-03 02:33:34 --> Session: Class initialized using 'CodeIgniter\Session\Handlers\FileHandler' driver.
CRITICAL - 2024-12-03 02:33:34 --> Undefined index: invid
#0 C:\xampp\htdocs\C4\app\Views\print\print taxinv.php(209): CodeIgniter\Debug\Exceptions->errorHandler(8, 'Undefined index...', 'C:\\xampp\\htdocs...', 209, Array)
#1 C:\xampp\htdocs\C4\system\View\View.php(220): include('C:\\xampp\\htdocs...')
#2 C:\xampp\htdocs\C4\system\View\View.php(222): CodeIgniter\View\View->CodeIgniter\View\{closure}()
#3 C:\xampp\htdocs\C4\system\Common.php(1217): CodeIgniter\View\View->render('print/print tax...', Array, true)
#4 C:\xampp\htdocs\C4\app\Controllers\Taxinv.php(751): view('print/print tax...', Array)
#5 C:\xampp\htdocs\C4\system\CodeIgniter.php(936): App\Controllers\Taxinv->printtaxinv()
#6 C:\xampp\htdocs\C4\system\CodeIgniter.php(432): CodeIgniter\CodeIgniter->runController(Object(App\Controllers\Taxinv))
#7 C:\xampp\htdocs\C4\system\CodeIgniter.php(333): CodeIgniter\CodeIgniter->handleRequest(NULL, Object(Config\Cache), false)
#8 C:\xampp\htdocs\C4\index.php(44): CodeIgniter\CodeIgniter->run()
#9 {main}
INFO - 2024-12-03 02:34:51 --> Session: Class initialized using 'CodeIgniter\Session\Handlers\FileHandler' driver.
CRITICAL - 2024-12-03 02:34:51 --> Undefined index: invid
#0 C:\xampp\htdocs\C4\app\Views\print\print taxinv.php(209): CodeIgniter\Debug\Exceptions->errorHandler(8, 'Undefined index...', 'C:\\xampp\\htdocs...', 209, Array)
#1 C:\xampp\htdocs\C4\system\View\View.php(220): include('C:\\xampp\\htdocs...')
#2 C:\xampp\htdocs\C4\system\View\View.php(222): CodeIgniter\View\View->CodeIgniter\View\{closure}()
#3 C:\xampp\htdocs\C4\system\Common.php(1217): CodeIgniter\View\View->render('print/print tax...', Array, true)
#4 C:\xampp\htdocs\C4\app\Controllers\Taxinv.php(751): view('print/print tax...', Array)
#5 C:\xampp\htdocs\C4\system\CodeIgniter.php(936): App\Controllers\Taxinv->printtaxinv()
#6 C:\xampp\htdocs\C4\system\CodeIgniter.php(432): CodeIgniter\CodeIgniter->runController(Object(App\Controllers\Taxinv))
#7 C:\xampp\htdocs\C4\system\CodeIgniter.php(333): CodeIgniter\CodeIgniter->handleRequest(NULL, Object(Config\Cache), false)
#8 C:\xampp\htdocs\C4\index.php(44): CodeIgniter\CodeIgniter->run()
#9 {main}
INFO - 2024-12-03 02:37:00 --> Session: Class initialized using 'CodeIgniter\Session\Handlers\FileHandler' driver.
CRITICAL - 2024-12-03 02:37:01 --> Undefined index: created
#0 C:\xampp\htdocs\C4\app\Views\print\print taxinv.php(210): CodeIgniter\Debug\Exceptions->errorHandler(8, 'Undefined index...', 'C:\\xampp\\htdocs...', 210, Array)
#1 C:\xampp\htdocs\C4\system\View\View.php(220): include('C:\\xampp\\htdocs...')
#2 C:\xampp\htdocs\C4\system\View\View.php(222): CodeIgniter\View\View->CodeIgniter\View\{closure}()
#3 C:\xampp\htdocs\C4\system\Common.php(1217): CodeIgniter\View\View->render('print/print tax...', Array, true)
#4 C:\xampp\htdocs\C4\app\Controllers\Taxinv.php(751): view('print/print tax...', Array)
#5 C:\xampp\htdocs\C4\system\CodeIgniter.php(936): App\Controllers\Taxinv->printtaxinv()
#6 C:\xampp\htdocs\C4\system\CodeIgniter.php(432): CodeIgniter\CodeIgniter->runController(Object(App\Controllers\Taxinv))
#7 C:\xampp\htdocs\C4\system\CodeIgniter.php(333): CodeIgniter\CodeIgniter->handleRequest(NULL, Object(Config\Cache), false)
#8 C:\xampp\htdocs\C4\index.php(44): CodeIgniter\CodeIgniter->run()
#9 {main}
INFO - 2024-12-03 02:37:13 --> Session: Class initialized using 'CodeIgniter\Session\Handlers\FileHandler' driver.
INFO - 2024-12-03 02:37:14 --> Session: Class initialized using 'CodeIgniter\Session\Handlers\FileHandler' driver.
INFO - 2024-12-03 02:40:02 --> Session: Class initialized using 'CodeIgniter\Session\Handlers\FileHandler' driver.
INFO - 2024-12-03 02:40:03 --> Session: Class initialized using 'CodeIgniter\Session\Handlers\FileHandler' driver.
INFO - 2024-12-03 02:40:57 --> Session: Class initialized using 'CodeIgniter\Session\Handlers\FileHandler' driver.
CRITICAL - 2024-12-03 02:40:57 --> Undefined variable: comp
#0 C:\xampp\htdocs\C4\app\Views\print\print taxinv.php(227): CodeIgniter\Debug\Exceptions->errorHandler(8, 'Undefined varia...', 'C:\\xampp\\htdocs...', 227, Array)
#1 C:\xampp\htdocs\C4\system\View\View.php(220): include('C:\\xampp\\htdocs...')
#2 C:\xampp\htdocs\C4\system\View\View.php(222): CodeIgniter\View\View->CodeIgniter\View\{closure}()
#3 C:\xampp\htdocs\C4\system\Common.php(1217): CodeIgniter\View\View->render('print/print tax...', Array, true)
#4 C:\xampp\htdocs\C4\app\Controllers\Taxinv.php(751): view('print/print tax...', Array)
#5 C:\xampp\htdocs\C4\system\CodeIgniter.php(936): App\Controllers\Taxinv->printtaxinv()
#6 C:\xampp\htdocs\C4\system\CodeIgniter.php(432): CodeIgniter\CodeIgniter->runController(Object(App\Controllers\Taxinv))
#7 C:\xampp\htdocs\C4\system\CodeIgniter.php(333): CodeIgniter\CodeIgniter->handleRequest(NULL, Object(Config\Cache), false)
#8 C:\xampp\htdocs\C4\index.php(44): CodeIgniter\CodeIgniter->run()
#9 {main}
INFO - 2024-12-03 02:41:34 --> Session: Class initialized using 'CodeIgniter\Session\Handlers\FileHandler' driver.
INFO - 2024-12-03 02:41:35 --> Session: Class initialized using 'CodeIgniter\Session\Handlers\FileHandler' driver.
INFO - 2024-12-03 02:41:52 --> Session: Class initialized using 'CodeIgniter\Session\Handlers\FileHandler' driver.
INFO - 2024-12-03 02:41:53 --> Session: Class initialized using 'CodeIgniter\Session\Handlers\FileHandler' driver.
INFO - 2024-12-03 02:43:22 --> Session: Class initialized using 'CodeIgniter\Session\Handlers\FileHandler' driver.
INFO - 2024-12-03 02:43:24 --> Session: Class initialized using 'CodeIgniter\Session\Handlers\FileHandler' driver.
INFO - 2024-12-03 02:45:10 --> Session: Class initialized using 'CodeIgniter\Session\Handlers\FileHandler' driver.
CRITICAL - 2024-12-03 02:45:10 --> Undefined variable: gst
#0 C:\xampp\htdocs\C4\app\Views\print\print taxinv.php(295): CodeIgniter\Debug\Exceptions->errorHandler(8, 'Undefined varia...', 'C:\\xampp\\htdocs...', 295, Array)
#1 C:\xampp\htdocs\C4\system\View\View.php(220): include('C:\\xampp\\htdocs...')
#2 C:\xampp\htdocs\C4\system\View\View.php(222): CodeIgniter\View\View->CodeIgniter\View\{closure}()
#3 C:\xampp\htdocs\C4\system\Common.php(1217): CodeIgniter\View\View->render('print/print tax...', Array, true)
#4 C:\xampp\htdocs\C4\app\Controllers\Taxinv.php(751): view('print/print tax...', Array)
#5 C:\xampp\htdocs\C4\system\CodeIgniter.php(936): App\Controllers\Taxinv->printtaxinv()
#6 C:\xampp\htdocs\C4\system\CodeIgniter.php(432): CodeIgniter\CodeIgniter->runController(Object(App\Controllers\Taxinv))
#7 C:\xampp\htdocs\C4\system\CodeIgniter.php(333): CodeIgniter\CodeIgniter->handleRequest(NULL, Object(Config\Cache), false)
#8 C:\xampp\htdocs\C4\index.php(44): CodeIgniter\CodeIgniter->run()
#9 {main}
INFO - 2024-12-03 02:46:24 --> Session: Class initialized using 'CodeIgniter\Session\Handlers\FileHandler' driver.
INFO - 2024-12-03 02:46:26 --> Session: Class initialized using 'CodeIgniter\Session\Handlers\FileHandler' driver.
INFO - 2024-12-03 02:54:05 --> Session: Class initialized using 'CodeIgniter\Session\Handlers\FileHandler' driver.
CRITICAL - 2024-12-03 02:54:05 --> Call to undefined method App\Models\Invtest_model::fetchitemdata
#0 C:\xampp\htdocs\C4\app\Controllers\Taxinv.php(744): CodeIgniter\Model->__call('fetchitemdata', Array)
#1 C:\xampp\htdocs\C4\system\CodeIgniter.php(936): App\Controllers\Taxinv->printtaxinv()
#2 C:\xampp\htdocs\C4\system\CodeIgniter.php(432): CodeIgniter\CodeIgniter->runController(Object(App\Controllers\Taxinv))
#3 C:\xampp\htdocs\C4\system\CodeIgniter.php(333): CodeIgniter\CodeIgniter->handleRequest(NULL, Object(Config\Cache), false)
#4 C:\xampp\htdocs\C4\index.php(44): CodeIgniter\CodeIgniter->run()
#5 {main}
CRITICAL - 2024-12-03 02:57:48 --> syntax error, unexpected '$builder' (T_VARIABLE)
#0 C:\xampp\htdocs\C4\system\Autoloader\Autoloader.php(265): CodeIgniter\Autoloader\Autoloader->includeFile('C:\\xampp\\htdocs...')
#1 C:\xampp\htdocs\C4\system\Autoloader\Autoloader.php(228): CodeIgniter\Autoloader\Autoloader->loadInNamespace('App\\Models\\Invt...')
#2 [internal function]: CodeIgniter\Autoloader\Autoloader->loadClass('App\\Models\\Invt...')
#3 C:\xampp\htdocs\C4\app\Controllers\Taxinv.php(28): spl_autoload_call('App\\Models\\Invt...')
#4 C:\xampp\htdocs\C4\system\CodeIgniter.php(908): App\Controllers\Taxinv->__construct()
#5 C:\xampp\htdocs\C4\system\CodeIgniter.php(422): CodeIgniter\CodeIgniter->createController()
#6 C:\xampp\htdocs\C4\system\CodeIgniter.php(333): CodeIgniter\CodeIgniter->handleRequest(NULL, Object(Config\Cache), false)
#7 C:\xampp\htdocs\C4\index.php(44): CodeIgniter\CodeIgniter->run()
#8 {main}
CRITICAL - 2024-12-03 02:58:08 --> syntax error, unexpected '$builder' (T_VARIABLE)
#0 C:\xampp\htdocs\C4\system\Autoloader\Autoloader.php(265): CodeIgniter\Autoloader\Autoloader->includeFile('C:\\xampp\\htdocs...')
#1 C:\xampp\htdocs\C4\system\Autoloader\Autoloader.php(228): CodeIgniter\Autoloader\Autoloader->loadInNamespace('App\\Models\\Invt...')
#2 [internal function]: CodeIgniter\Autoloader\Autoloader->loadClass('App\\Models\\Invt...')
#3 C:\xampp\htdocs\C4\app\Controllers\Taxinv.php(28): spl_autoload_call('App\\Models\\Invt...')
#4 C:\xampp\htdocs\C4\system\CodeIgniter.php(908): App\Controllers\Taxinv->__construct()
#5 C:\xampp\htdocs\C4\system\CodeIgniter.php(422): CodeIgniter\CodeIgniter->createController()
#6 C:\xampp\htdocs\C4\system\CodeIgniter.php(333): CodeIgniter\CodeIgniter->handleRequest(NULL, Object(Config\Cache), false)
#7 C:\xampp\htdocs\C4\index.php(44): CodeIgniter\CodeIgniter->run()
#8 {main}
INFO - 2024-12-03 02:59:03 --> Session: Class initialized using 'CodeIgniter\Session\Handlers\FileHandler' driver.
ERROR - 2024-12-03 02:59:04 --> mysqli_sql_exception: You have an error in your SQL syntax; check the manual that corresponds to your MariaDB server version for the right syntax to use near 'FROM `invtest`
WHERE `orderid` = '6735ac1f71d28'' at line 2 in C:\xampp\htdocs\C4\system\Database\MySQLi\Connection.php:314
Stack trace:
#0 C:\xampp\htdocs\C4\system\Database\MySQLi\Connection.php(314): mysqli->query('SELECT `invtest...')
#1 C:\xampp\htdocs\C4\system\Database\BaseConnection.php(713): CodeIgniter\Database\MySQLi\Connection->execute('SELECT `invtest...')
#2 C:\xampp\htdocs\C4\system\Database\BaseConnection.php(641): CodeIgniter\Database\BaseConnection->simpleQuery('SELECT `invtest...')
#3 C:\xampp\htdocs\C4\system\Database\BaseBuilder.php(1866): CodeIgniter\Database\BaseConnection->query('SELECT `invtest...', Array, false)
#4 C:\xampp\htdocs\C4\app\Models\Invtest_model.php(110): CodeIgniter\Database\BaseBuilder->get()
#5 C:\xampp\htdocs\C4\app\Controllers\Taxinv.php(744): App\Models\Invtest_model->fetchitemdata('6735ac1f71d28')
#6 C:\xampp\htdocs\C4\system\CodeIgniter.php(936): App\Controllers\Taxinv->printtaxinv()
#7 C:\xampp\htdocs\C4\system\CodeIgniter.php(432): CodeIgniter\CodeIgniter->runController(Object(App\Controllers\Taxinv))
#8 C:\xampp\htdocs\C4\system\CodeIgniter.php(333): CodeIgniter\CodeIgniter->handleRequest(NULL, Object(Config\Cache), false)
#9 C:\xampp\htdocs\C4\index.php(44): CodeIgniter\CodeIgniter->run()
#10 {main}
CRITICAL - 2024-12-03 02:59:04 --> You have an error in your SQL syntax; check the manual that corresponds to your MariaDB server version for the right syntax to use near 'FROM `invtest`
WHERE `orderid` = '6735ac1f71d28'' at line 2
#0 C:\xampp\htdocs\C4\system\Database\MySQLi\Connection.php(314): mysqli->query('SELECT `invtest...')
#1 C:\xampp\htdocs\C4\system\Database\BaseConnection.php(713): CodeIgniter\Database\MySQLi\Connection->execute('SELECT `invtest...')
#2 C:\xampp\htdocs\C4\system\Database\BaseConnection.php(641): CodeIgniter\Database\BaseConnection->simpleQuery('SELECT `invtest...')
#3 C:\xampp\htdocs\C4\system\Database\BaseBuilder.php(1866): CodeIgniter\Database\BaseConnection->query('SELECT `invtest...', Array, false)
#4 C:\xampp\htdocs\C4\app\Models\Invtest_model.php(110): CodeIgniter\Database\BaseBuilder->get()
#5 C:\xampp\htdocs\C4\app\Controllers\Taxinv.php(744): App\Models\Invtest_model->fetchitemdata('6735ac1f71d28')
#6 C:\xampp\htdocs\C4\system\CodeIgniter.php(936): App\Controllers\Taxinv->printtaxinv()
#7 C:\xampp\htdocs\C4\system\CodeIgniter.php(432): CodeIgniter\CodeIgniter->runController(Object(App\Controllers\Taxinv))
#8 C:\xampp\htdocs\C4\system\CodeIgniter.php(333): CodeIgniter\CodeIgniter->handleRequest(NULL, Object(Config\Cache), false)
#9 C:\xampp\htdocs\C4\index.php(44): CodeIgniter\CodeIgniter->run()
#10 {main}
INFO - 2024-12-03 03:01:22 --> Session: Class initialized using 'CodeIgniter\Session\Handlers\FileHandler' driver.
ERROR - 2024-12-03 03:01:22 --> mysqli_sql_exception: You have an error in your SQL syntax; check the manual that corresponds to your MariaDB server version for the right syntax to use near 'FROM `invtest`
WHERE `orderid` = '6735ac1f71d28'' at line 2 in C:\xampp\htdocs\C4\system\Database\MySQLi\Connection.php:314
Stack trace:
#0 C:\xampp\htdocs\C4\system\Database\MySQLi\Connection.php(314): mysqli->query('SELECT `invtest...')
#1 C:\xampp\htdocs\C4\system\Database\BaseConnection.php(713): CodeIgniter\Database\MySQLi\Connection->execute('SELECT `invtest...')
#2 C:\xampp\htdocs\C4\system\Database\BaseConnection.php(641): CodeIgniter\Database\BaseConnection->simpleQuery('SELECT `invtest...')
#3 C:\xampp\htdocs\C4\system\Database\BaseBuilder.php(1866): CodeIgniter\Database\BaseConnection->query('SELECT `invtest...', Array, false)
#4 C:\xampp\htdocs\C4\app\Models\Invtest_model.php(111): CodeIgniter\Database\BaseBuilder->get()
#5 C:\xampp\htdocs\C4\app\Controllers\Taxinv.php(744): App\Models\Invtest_model->fetchitemdata('6735ac1f71d28')
#6 C:\xampp\htdocs\C4\system\CodeIgniter.php(936): App\Controllers\Taxinv->printtaxinv()
#7 C:\xampp\htdocs\C4\system\CodeIgniter.php(432): CodeIgniter\CodeIgniter->runController(Object(App\Controllers\Taxinv))
#8 C:\xampp\htdocs\C4\system\CodeIgniter.php(333): CodeIgniter\CodeIgniter->handleRequest(NULL, Object(Config\Cache), false)
#9 C:\xampp\htdocs\C4\index.php(44): CodeIgniter\CodeIgniter->run()
#10 {main}
CRITICAL - 2024-12-03 03:01:22 --> You have an error in your SQL syntax; check the manual that corresponds to your MariaDB server version for the right syntax to use near 'FROM `invtest`
WHERE `orderid` = '6735ac1f71d28'' at line 2
#0 C:\xampp\htdocs\C4\system\Database\MySQLi\Connection.php(314): mysqli->query('SELECT `invtest...')
#1 C:\xampp\htdocs\C4\system\Database\BaseConnection.php(713): CodeIgniter\Database\MySQLi\Connection->execute('SELECT `invtest...')
#2 C:\xampp\htdocs\C4\system\Database\BaseConnection.php(641): CodeIgniter\Database\BaseConnection->simpleQuery('SELECT `invtest...')
#3 C:\xampp\htdocs\C4\system\Database\BaseBuilder.php(1866): CodeIgniter\Database\BaseConnection->query('SELECT `invtest...', Array, false)
#4 C:\xampp\htdocs\C4\app\Models\Invtest_model.php(111): CodeIgniter\Database\BaseBuilder->get()
#5 C:\xampp\htdocs\C4\app\Controllers\Taxinv.php(744): App\Models\Invtest_model->fetchitemdata('6735ac1f71d28')
#6 C:\xampp\htdocs\C4\system\CodeIgniter.php(936): App\Controllers\Taxinv->printtaxinv()
#7 C:\xampp\htdocs\C4\system\CodeIgniter.php(432): CodeIgniter\CodeIgniter->runController(Object(App\Controllers\Taxinv))
#8 C:\xampp\htdocs\C4\system\CodeIgniter.php(333): CodeIgniter\CodeIgniter->handleRequest(NULL, Object(Config\Cache), false)
#9 C:\xampp\htdocs\C4\index.php(44): CodeIgniter\CodeIgniter->run()
#10 {main}
INFO - 2024-12-03 03:02:17 --> Session: Class initialized using 'CodeIgniter\Session\Handlers\FileHandler' driver.
INFO - 2024-12-03 03:02:19 --> Session: Class initialized using 'CodeIgniter\Session\Handlers\FileHandler' driver.
INFO - 2024-12-03 03:06:47 --> Session: Class initialized using 'CodeIgniter\Session\Handlers\FileHandler' driver.
CRITICAL - 2024-12-03 03:06:47 --> syntax error, unexpected end of file
#0 C:\xampp\htdocs\C4\system\View\View.php(222): CodeIgniter\View\View->CodeIgniter\View\{closure}()
#1 C:\xampp\htdocs\C4\system\Common.php(1217): CodeIgniter\View\View->render('print/print tax...', Array, true)
#2 C:\xampp\htdocs\C4\app\Controllers\Taxinv.php(756): view('print/print tax...', Array)
#3 C:\xampp\htdocs\C4\system\CodeIgniter.php(936): App\Controllers\Taxinv->printtaxinv()
#4 C:\xampp\htdocs\C4\system\CodeIgniter.php(432): CodeIgniter\CodeIgniter->runController(Object(App\Controllers\Taxinv))
#5 C:\xampp\htdocs\C4\system\CodeIgniter.php(333): CodeIgniter\CodeIgniter->handleRequest(NULL, Object(Config\Cache), false)
#6 C:\xampp\htdocs\C4\index.php(44): CodeIgniter\CodeIgniter->run()
#7 {main}
INFO - 2024-12-03 03:07:35 --> Session: Class initialized using 'CodeIgniter\Session\Handlers\FileHandler' driver.
INFO - 2024-12-03 03:07:37 --> Session: Class initialized using 'CodeIgniter\Session\Handlers\FileHandler' driver.
INFO - 2024-12-03 03:08:00 --> Session: Class initialized using 'CodeIgniter\Session\Handlers\FileHandler' driver.
INFO - 2024-12-03 03:08:01 --> Session: Class initialized using 'CodeIgniter\Session\Handlers\FileHandler' driver.
INFO - 2024-12-03 03:09:15 --> Session: Class initialized using 'CodeIgniter\Session\Handlers\FileHandler' driver.
INFO - 2024-12-03 03:09:17 --> Session: Class initialized using 'CodeIgniter\Session\Handlers\FileHandler' driver.
INFO - 2024-12-03 03:32:49 --> Session: Class initialized using 'CodeIgniter\Session\Handlers\FileHandler' driver.
CRITICAL - 2024-12-03 03:32:49 --> syntax error, unexpected 'endif' (T_ENDIF), expecting end of file
#0 C:\xampp\htdocs\C4\system\View\View.php(222): CodeIgniter\View\View->CodeIgniter\View\{closure}()
#1 C:\xampp\htdocs\C4\system\Common.php(1217): CodeIgniter\View\View->render('print/print tax...', Array, true)
#2 C:\xampp\htdocs\C4\app\Controllers\Taxinv.php(756): view('print/print tax...', Array)
#3 C:\xampp\htdocs\C4\system\CodeIgniter.php(936): App\Controllers\Taxinv->printtaxinv()
#4 C:\xampp\htdocs\C4\system\CodeIgniter.php(432): CodeIgniter\CodeIgniter->runController(Object(App\Controllers\Taxinv))
#5 C:\xampp\htdocs\C4\system\CodeIgniter.php(333): CodeIgniter\CodeIgniter->handleRequest(NULL, Object(Config\Cache), false)
#6 C:\xampp\htdocs\C4\index.php(44): CodeIgniter\CodeIgniter->run()
#7 {main}
INFO - 2024-12-03 03:33:03 --> Session: Class initialized using 'CodeIgniter\Session\Handlers\FileHandler' driver.
CRITICAL - 2024-12-03 03:33:03 --> Undefined variable: cnt
#0 C:\xampp\htdocs\C4\app\Views\print\print taxinv.php(380): CodeIgniter\Debug\Exceptions->errorHandler(8, 'Undefined varia...', 'C:\\xampp\\htdocs...', 380, Array)
#1 C:\xampp\htdocs\C4\system\View\View.php(220): include('C:\\xampp\\htdocs...')
#2 C:\xampp\htdocs\C4\system\View\View.php(222): CodeIgniter\View\View->CodeIgniter\View\{closure}()
#3 C:\xampp\htdocs\C4\system\Common.php(1217): CodeIgniter\View\View->render('print/print tax...', Array, true)
#4 C:\xampp\htdocs\C4\app\Controllers\Taxinv.php(756): view('print/print tax...', Array)
#5 C:\xampp\htdocs\C4\system\CodeIgniter.php(936): App\Controllers\Taxinv->printtaxinv()
#6 C:\xampp\htdocs\C4\system\CodeIgniter.php(432): CodeIgniter\CodeIgniter->runController(Object(App\Controllers\Taxinv))
#7 C:\xampp\htdocs\C4\system\CodeIgniter.php(333): CodeIgniter\CodeIgniter->handleRequest(NULL, Object(Config\Cache), false)
#8 C:\xampp\htdocs\C4\index.php(44): CodeIgniter\CodeIgniter->run()
#9 {main}
INFO - 2024-12-03 03:33:05 --> Session: Class initialized using 'CodeIgniter\Session\Handlers\FileHandler' driver.
CRITICAL - 2024-12-03 03:33:05 --> Undefined variable: cnt
#0 C:\xampp\htdocs\C4\app\Views\print\print taxinv.php(380): CodeIgniter\Debug\Exceptions->errorHandler(8, 'Undefined varia...', 'C:\\xampp\\htdocs...', 380, Array)
#1 C:\xampp\htdocs\C4\system\View\View.php(220): include('C:\\xampp\\htdocs...')
#2 C:\xampp\htdocs\C4\system\View\View.php(222): CodeIgniter\View\View->CodeIgniter\View\{closure}()
#3 C:\xampp\htdocs\C4\system\Common.php(1217): CodeIgniter\View\View->render('print/print tax...', Array, true)
#4 C:\xampp\htdocs\C4\app\Controllers\Taxinv.php(756): view('print/print tax...', Array)
#5 C:\xampp\htdocs\C4\system\CodeIgniter.php(936): App\Controllers\Taxinv->printtaxinv()
#6 C:\xampp\htdocs\C4\system\CodeIgniter.php(432): CodeIgniter\CodeIgniter->runController(Object(App\Controllers\Taxinv))
#7 C:\xampp\htdocs\C4\system\CodeIgniter.php(333): CodeIgniter\CodeIgniter->handleRequest(NULL, Object(Config\Cache), false)
#8 C:\xampp\htdocs\C4\index.php(44): CodeIgniter\CodeIgniter->run()
#9 {main}
INFO - 2024-12-03 03:34:23 --> Session: Class initialized using 'CodeIgniter\Session\Handlers\FileHandler' driver.
INFO - 2024-12-03 03:34:24 --> Session: Class initialized using 'CodeIgniter\Session\Handlers\FileHandler' driver.
INFO - 2024-12-03 03:34:36 --> Session: Class initialized using 'CodeIgniter\Session\Handlers\FileHandler' driver.
INFO - 2024-12-03 03:34:37 --> Session: Class initialized using 'CodeIgniter\Session\Handlers\FileHandler' driver.
INFO - 2024-12-03 03:34:59 --> Session: Class initialized using 'CodeIgniter\Session\Handlers\FileHandler' driver.
INFO - 2024-12-03 03:35:01 --> Session: Class initialized using 'CodeIgniter\Session\Handlers\FileHandler' driver.
