CRITICAL - 2024-09-26 22:43:42 --> Argument 1 passed to App\Models\Client_model::deleterecord() must be of the type int, null given, called in C:\xampp\htdocs\C4\app\Controllers\Client.php on line 110
#0 C:\xampp\htdocs\C4\app\Controllers\Client.php(110): App\Models\Client_model->deleterecord(NULL)
#1 C:\xampp\htdocs\C4\system\CodeIgniter.php(936): App\Controllers\Client->delete('976"')
#2 C:\xampp\htdocs\C4\system\CodeIgniter.php(432): CodeIgniter\CodeIgniter->runController(Object(App\Controllers\Client))
#3 C:\xampp\htdocs\C4\system\CodeIgniter.php(333): CodeIgniter\CodeIgniter->handleRequest(NULL, Object(Config\Cache), false)
#4 C:\xampp\htdocs\C4\index.php(44): CodeIgniter\CodeIgniter->run()
#5 {main}
CRITICAL - 2024-09-26 22:44:02 --> Argument 1 passed to App\Models\Client_model::deleterecord() must be of the type int, null given, called in C:\xampp\htdocs\C4\app\Controllers\Client.php on line 110
#0 C:\xampp\htdocs\C4\app\Controllers\Client.php(110): App\Models\Client_model->deleterecord(NULL)
#1 C:\xampp\htdocs\C4\system\CodeIgniter.php(936): App\Controllers\Client->delete('976"')
#2 C:\xampp\htdocs\C4\system\CodeIgniter.php(432): CodeIgniter\CodeIgniter->runController(Object(App\Controllers\Client))
#3 C:\xampp\htdocs\C4\system\CodeIgniter.php(333): CodeIgniter\CodeIgniter->handleRequest(NULL, Object(Config\Cache), false)
#4 C:\xampp\htdocs\C4\index.php(44): CodeIgniter\CodeIgniter->run()
#5 {main}
CRITICAL - 2024-09-26 22:45:11 --> Argument 1 passed to App\Models\Client_model::deleterecord() must be of the type int, null given, called in C:\xampp\htdocs\C4\app\Controllers\Client.php on line 110
#0 C:\xampp\htdocs\C4\app\Controllers\Client.php(110): App\Models\Client_model->deleterecord(NULL)
#1 C:\xampp\htdocs\C4\system\CodeIgniter.php(936): App\Controllers\Client->delete('976')
#2 C:\xampp\htdocs\C4\system\CodeIgniter.php(432): CodeIgniter\CodeIgniter->runController(Object(App\Controllers\Client))
#3 C:\xampp\htdocs\C4\system\CodeIgniter.php(333): CodeIgniter\CodeIgniter->handleRequest(NULL, Object(Config\Cache), false)
#4 C:\xampp\htdocs\C4\index.php(44): CodeIgniter\CodeIgniter->run()
#5 {main}
CRITICAL - 2024-09-26 22:49:31 --> Argument 1 passed to App\Models\Client_model::deleterecord() must be of the type int, null given, called in C:\xampp\htdocs\C4\app\Controllers\Client.php on line 110
#0 C:\xampp\htdocs\C4\app\Controllers\Client.php(110): App\Models\Client_model->deleterecord(NULL)
#1 C:\xampp\htdocs\C4\system\CodeIgniter.php(936): App\Controllers\Client->delete('976')
#2 C:\xampp\htdocs\C4\system\CodeIgniter.php(432): CodeIgniter\CodeIgniter->runController(Object(App\Controllers\Client))
#3 C:\xampp\htdocs\C4\system\CodeIgniter.php(333): CodeIgniter\CodeIgniter->handleRequest(NULL, Object(Config\Cache), false)
#4 C:\xampp\htdocs\C4\index.php(44): CodeIgniter\CodeIgniter->run()
#5 {main}
CRITICAL - 2024-09-26 23:05:57 --> Call to undefined function App\Controllers\setJSON()
#0 C:\xampp\htdocs\C4\system\CodeIgniter.php(936): App\Controllers\Client->manageclients()
#1 C:\xampp\htdocs\C4\system\CodeIgniter.php(432): CodeIgniter\CodeIgniter->runController(Object(App\Controllers\Client))
#2 C:\xampp\htdocs\C4\system\CodeIgniter.php(333): CodeIgniter\CodeIgniter->handleRequest(NULL, Object(Config\Cache), false)
#3 C:\xampp\htdocs\C4\index.php(44): CodeIgniter\CodeIgniter->run()
#4 {main}
CRITICAL - 2024-09-26 23:11:27 --> Array to string conversion
#0 C:\xampp\htdocs\C4\app\Controllers\Client.php(52): CodeIgniter\Debug\Exceptions->errorHandler(8, 'Array to string...', 'C:\\xampp\\htdocs...', 52, Array)
#1 C:\xampp\htdocs\C4\system\CodeIgniter.php(936): App\Controllers\Client->manageclients()
#2 C:\xampp\htdocs\C4\system\CodeIgniter.php(432): CodeIgniter\CodeIgniter->runController(Object(App\Controllers\Client))
#3 C:\xampp\htdocs\C4\system\CodeIgniter.php(333): CodeIgniter\CodeIgniter->handleRequest(NULL, Object(Config\Cache), false)
#4 C:\xampp\htdocs\C4\index.php(44): CodeIgniter\CodeIgniter->run()
#5 {main}
CRITICAL - 2024-09-26 23:18:59 --> Illegal string offset 'aaData'
#0 C:\xampp\htdocs\C4\app\Views\Layout\manage-clients.php(329): CodeIgniter\Debug\Exceptions->errorHandler(2, 'Illegal string ...', 'C:\\xampp\\htdocs...', 329, Array)
#1 C:\xampp\htdocs\C4\system\View\View.php(220): include('C:\\xampp\\htdocs...')
#2 C:\xampp\htdocs\C4\system\View\View.php(222): CodeIgniter\View\View->CodeIgniter\View\{closure}()
#3 C:\xampp\htdocs\C4\system\Common.php(1217): CodeIgniter\View\View->render('layout/manage-c...', Array, true)
#4 C:\xampp\htdocs\C4\app\Controllers\Client.php(54): view('layout/manage-c...', Array)
#5 C:\xampp\htdocs\C4\system\CodeIgniter.php(936): App\Controllers\Client->manageclients()
#6 C:\xampp\htdocs\C4\system\CodeIgniter.php(432): CodeIgniter\CodeIgniter->runController(Object(App\Controllers\Client))
#7 C:\xampp\htdocs\C4\system\CodeIgniter.php(333): CodeIgniter\CodeIgniter->handleRequest(NULL, Object(Config\Cache), false)
#8 C:\xampp\htdocs\C4\index.php(44): CodeIgniter\CodeIgniter->run()
#9 {main}
CRITICAL - 2024-09-26 23:36:53 --> Illegal string offset 'aaData'
#0 C:\xampp\htdocs\C4\app\Views\Layout\manage-clients.php(329): CodeIgniter\Debug\Exceptions->errorHandler(2, 'Illegal string ...', 'C:\\xampp\\htdocs...', 329, Array)
#1 C:\xampp\htdocs\C4\system\View\View.php(220): include('C:\\xampp\\htdocs...')
#2 C:\xampp\htdocs\C4\system\View\View.php(222): CodeIgniter\View\View->CodeIgniter\View\{closure}()
#3 C:\xampp\htdocs\C4\system\Common.php(1217): CodeIgniter\View\View->render('layout/manage-c...', Array, true)
#4 C:\xampp\htdocs\C4\app\Controllers\Client.php(54): view('layout/manage-c...', Array)
#5 C:\xampp\htdocs\C4\system\CodeIgniter.php(936): App\Controllers\Client->manageclients()
#6 C:\xampp\htdocs\C4\system\CodeIgniter.php(432): CodeIgniter\CodeIgniter->runController(Object(App\Controllers\Client))
#7 C:\xampp\htdocs\C4\system\CodeIgniter.php(333): CodeIgniter\CodeIgniter->handleRequest(NULL, Object(Config\Cache), false)
#8 C:\xampp\htdocs\C4\index.php(44): CodeIgniter\CodeIgniter->run()
#9 {main}
