ERROR - 2024-10-09 05:23:58 --> mysqli_sql_exception: Column 'country' cannot be null in C:\xampp\htdocs\C4\system\Database\MySQLi\Connection.php:314
Stack trace:
#0 C:\xampp\htdocs\C4\system\Database\MySQLi\Connection.php(314): mysqli->query('INSERT INTO `cl...')
#1 C:\xampp\htdocs\C4\system\Database\BaseConnection.php(713): CodeIgniter\Database\MySQLi\Connection->execute('INSERT INTO `cl...')
#2 C:\xampp\htdocs\C4\system\Database\BaseConnection.php(641): CodeIgniter\Database\BaseConnection->simpleQuery('INSERT INTO `cl...')
#3 C:\xampp\htdocs\C4\system\Database\BaseBuilder.php(2263): CodeIgniter\Database\BaseConnection->query('INSERT INTO `cl...', Array, false)
#4 C:\xampp\htdocs\C4\system\Model.php(278): CodeIgniter\Database\BaseBuilder->insert()
#5 C:\xampp\htdocs\C4\system\BaseModel.php(758): CodeIgniter\Model->doInsert(Array)
#6 C:\xampp\htdocs\C4\system\Model.php(705): CodeIgniter\BaseModel->insert(Array, true)
#7 C:\xampp\htdocs\C4\app\Models\Client_model.php(56): CodeIgniter\Model->insert(Array)
#8 C:\xampp\htdocs\C4\app\Controllers\Client.php(145): App\Models\Client_model->saverecords(Array)
#9 C:\xampp\htdocs\C4\system\CodeIgniter.php(936): App\Controllers\Client->insert()
#10 C:\xampp\htdocs\C4\system\CodeIgniter.php(432): CodeIgniter\CodeIgniter->runController(Object(App\Controllers\Client))
#11 C:\xampp\htdocs\C4\system\CodeIgniter.php(333): CodeIgniter\CodeIgniter->handleRequest(NULL, Object(Config\Cache), false)
#12 C:\xampp\htdocs\C4\index.php(44): CodeIgniter\CodeIgniter->run()
#13 {main}
ERROR - 2024-10-09 05:29:13 --> mysqli_sql_exception: Column 'country' cannot be null in C:\xampp\htdocs\C4\system\Database\MySQLi\Connection.php:314
Stack trace:
#0 C:\xampp\htdocs\C4\system\Database\MySQLi\Connection.php(314): mysqli->query('INSERT INTO `cl...')
#1 C:\xampp\htdocs\C4\system\Database\BaseConnection.php(713): CodeIgniter\Database\MySQLi\Connection->execute('INSERT INTO `cl...')
#2 C:\xampp\htdocs\C4\system\Database\BaseConnection.php(641): CodeIgniter\Database\BaseConnection->simpleQuery('INSERT INTO `cl...')
#3 C:\xampp\htdocs\C4\system\Database\BaseBuilder.php(2263): CodeIgniter\Database\BaseConnection->query('INSERT INTO `cl...', Array, false)
#4 C:\xampp\htdocs\C4\system\Model.php(278): CodeIgniter\Database\BaseBuilder->insert()
#5 C:\xampp\htdocs\C4\system\BaseModel.php(758): CodeIgniter\Model->doInsert(Array)
#6 C:\xampp\htdocs\C4\system\Model.php(705): CodeIgniter\BaseModel->insert(Array, true)
#7 C:\xampp\htdocs\C4\app\Models\Client_model.php(56): CodeIgniter\Model->insert(Array)
#8 C:\xampp\htdocs\C4\app\Controllers\Client.php(145): App\Models\Client_model->saverecords(Array)
#9 C:\xampp\htdocs\C4\system\CodeIgniter.php(936): App\Controllers\Client->insert()
#10 C:\xampp\htdocs\C4\system\CodeIgniter.php(432): CodeIgniter\CodeIgniter->runController(Object(App\Controllers\Client))
#11 C:\xampp\htdocs\C4\system\CodeIgniter.php(333): CodeIgniter\CodeIgniter->handleRequest(NULL, Object(Config\Cache), false)
#12 C:\xampp\htdocs\C4\index.php(44): CodeIgniter\CodeIgniter->run()
#13 {main}
ERROR - 2024-10-09 05:51:19 --> mysqli_sql_exception: Column 'country' cannot be null in C:\xampp\htdocs\C4\system\Database\MySQLi\Connection.php:314
Stack trace:
#0 C:\xampp\htdocs\C4\system\Database\MySQLi\Connection.php(314): mysqli->query('INSERT INTO `cl...')
#1 C:\xampp\htdocs\C4\system\Database\BaseConnection.php(713): CodeIgniter\Database\MySQLi\Connection->execute('INSERT INTO `cl...')
#2 C:\xampp\htdocs\C4\system\Database\BaseConnection.php(641): CodeIgniter\Database\BaseConnection->simpleQuery('INSERT INTO `cl...')
#3 C:\xampp\htdocs\C4\system\Database\BaseBuilder.php(2263): CodeIgniter\Database\BaseConnection->query('INSERT INTO `cl...', Array, false)
#4 C:\xampp\htdocs\C4\system\Model.php(278): CodeIgniter\Database\BaseBuilder->insert()
#5 C:\xampp\htdocs\C4\system\BaseModel.php(758): CodeIgniter\Model->doInsert(Array)
#6 C:\xampp\htdocs\C4\system\Model.php(705): CodeIgniter\BaseModel->insert(Array, true)
#7 C:\xampp\htdocs\C4\app\Models\Client_model.php(56): CodeIgniter\Model->insert(Array)
#8 C:\xampp\htdocs\C4\app\Controllers\Client.php(145): App\Models\Client_model->saverecords(Array)
#9 C:\xampp\htdocs\C4\system\CodeIgniter.php(936): App\Controllers\Client->insert()
#10 C:\xampp\htdocs\C4\system\CodeIgniter.php(432): CodeIgniter\CodeIgniter->runController(Object(App\Controllers\Client))
#11 C:\xampp\htdocs\C4\system\CodeIgniter.php(333): CodeIgniter\CodeIgniter->handleRequest(NULL, Object(Config\Cache), false)
#12 C:\xampp\htdocs\C4\index.php(44): CodeIgniter\CodeIgniter->run()
#13 {main}
ERROR - 2024-10-09 05:56:12 --> mysqli_sql_exception: Column 'country' cannot be null in C:\xampp\htdocs\C4\system\Database\MySQLi\Connection.php:314
Stack trace:
#0 C:\xampp\htdocs\C4\system\Database\MySQLi\Connection.php(314): mysqli->query('INSERT INTO `cl...')
#1 C:\xampp\htdocs\C4\system\Database\BaseConnection.php(713): CodeIgniter\Database\MySQLi\Connection->execute('INSERT INTO `cl...')
#2 C:\xampp\htdocs\C4\system\Database\BaseConnection.php(641): CodeIgniter\Database\BaseConnection->simpleQuery('INSERT INTO `cl...')
#3 C:\xampp\htdocs\C4\system\Database\BaseBuilder.php(2263): CodeIgniter\Database\BaseConnection->query('INSERT INTO `cl...', Array, false)
#4 C:\xampp\htdocs\C4\system\Model.php(278): CodeIgniter\Database\BaseBuilder->insert()
#5 C:\xampp\htdocs\C4\system\BaseModel.php(758): CodeIgniter\Model->doInsert(Array)
#6 C:\xampp\htdocs\C4\system\Model.php(705): CodeIgniter\BaseModel->insert(Array, true)
#7 C:\xampp\htdocs\C4\app\Models\Client_model.php(56): CodeIgniter\Model->insert(Array)
#8 C:\xampp\htdocs\C4\app\Controllers\Client.php(145): App\Models\Client_model->saverecords(Array)
#9 C:\xampp\htdocs\C4\system\CodeIgniter.php(936): App\Controllers\Client->insert()
#10 C:\xampp\htdocs\C4\system\CodeIgniter.php(432): CodeIgniter\CodeIgniter->runController(Object(App\Controllers\Client))
#11 C:\xampp\htdocs\C4\system\CodeIgniter.php(333): CodeIgniter\CodeIgniter->handleRequest(NULL, Object(Config\Cache), false)
#12 C:\xampp\htdocs\C4\index.php(44): CodeIgniter\CodeIgniter->run()
#13 {main}
ERROR - 2024-10-09 06:14:03 --> mysqli_sql_exception: Column 'country' cannot be null in C:\xampp\htdocs\C4\system\Database\MySQLi\Connection.php:314
Stack trace:
#0 C:\xampp\htdocs\C4\system\Database\MySQLi\Connection.php(314): mysqli->query('INSERT INTO `cl...')
#1 C:\xampp\htdocs\C4\system\Database\BaseConnection.php(713): CodeIgniter\Database\MySQLi\Connection->execute('INSERT INTO `cl...')
#2 C:\xampp\htdocs\C4\system\Database\BaseConnection.php(641): CodeIgniter\Database\BaseConnection->simpleQuery('INSERT INTO `cl...')
#3 C:\xampp\htdocs\C4\system\Database\BaseBuilder.php(2263): CodeIgniter\Database\BaseConnection->query('INSERT INTO `cl...', Array, false)
#4 C:\xampp\htdocs\C4\system\Model.php(278): CodeIgniter\Database\BaseBuilder->insert()
#5 C:\xampp\htdocs\C4\system\BaseModel.php(758): CodeIgniter\Model->doInsert(Array)
#6 C:\xampp\htdocs\C4\system\Model.php(705): CodeIgniter\BaseModel->insert(Array, true)
#7 C:\xampp\htdocs\C4\app\Models\Client_model.php(56): CodeIgniter\Model->insert(Array)
#8 C:\xampp\htdocs\C4\app\Controllers\Client.php(145): App\Models\Client_model->saverecords(Array)
#9 C:\xampp\htdocs\C4\system\CodeIgniter.php(936): App\Controllers\Client->insert()
#10 C:\xampp\htdocs\C4\system\CodeIgniter.php(432): CodeIgniter\CodeIgniter->runController(Object(App\Controllers\Client))
#11 C:\xampp\htdocs\C4\system\CodeIgniter.php(333): CodeIgniter\CodeIgniter->handleRequest(NULL, Object(Config\Cache), false)
#12 C:\xampp\htdocs\C4\index.php(44): CodeIgniter\CodeIgniter->run()
#13 {main}
ERROR - 2024-10-09 06:17:01 --> mysqli_sql_exception: Column 'country' cannot be null in C:\xampp\htdocs\C4\system\Database\MySQLi\Connection.php:314
Stack trace:
#0 C:\xampp\htdocs\C4\system\Database\MySQLi\Connection.php(314): mysqli->query('INSERT INTO `cl...')
#1 C:\xampp\htdocs\C4\system\Database\BaseConnection.php(713): CodeIgniter\Database\MySQLi\Connection->execute('INSERT INTO `cl...')
#2 C:\xampp\htdocs\C4\system\Database\BaseConnection.php(641): CodeIgniter\Database\BaseConnection->simpleQuery('INSERT INTO `cl...')
#3 C:\xampp\htdocs\C4\system\Database\BaseBuilder.php(2263): CodeIgniter\Database\BaseConnection->query('INSERT INTO `cl...', Array, false)
#4 C:\xampp\htdocs\C4\system\Model.php(278): CodeIgniter\Database\BaseBuilder->insert()
#5 C:\xampp\htdocs\C4\system\BaseModel.php(758): CodeIgniter\Model->doInsert(Array)
#6 C:\xampp\htdocs\C4\system\Model.php(705): CodeIgniter\BaseModel->insert(Array, true)
#7 C:\xampp\htdocs\C4\app\Models\Client_model.php(56): CodeIgniter\Model->insert(Array)
#8 C:\xampp\htdocs\C4\app\Controllers\Client.php(145): App\Models\Client_model->saverecords(Array)
#9 C:\xampp\htdocs\C4\system\CodeIgniter.php(936): App\Controllers\Client->insert()
#10 C:\xampp\htdocs\C4\system\CodeIgniter.php(432): CodeIgniter\CodeIgniter->runController(Object(App\Controllers\Client))
#11 C:\xampp\htdocs\C4\system\CodeIgniter.php(333): CodeIgniter\CodeIgniter->handleRequest(NULL, Object(Config\Cache), false)
#12 C:\xampp\htdocs\C4\index.php(44): CodeIgniter\CodeIgniter->run()
#13 {main}
ERROR - 2024-10-09 07:45:40 --> mysqli_sql_exception: Column 'country' cannot be null in C:\xampp\htdocs\C4\system\Database\MySQLi\Connection.php:314
Stack trace:
#0 C:\xampp\htdocs\C4\system\Database\MySQLi\Connection.php(314): mysqli->query('INSERT INTO `cl...')
#1 C:\xampp\htdocs\C4\system\Database\BaseConnection.php(713): CodeIgniter\Database\MySQLi\Connection->execute('INSERT INTO `cl...')
#2 C:\xampp\htdocs\C4\system\Database\BaseConnection.php(641): CodeIgniter\Database\BaseConnection->simpleQuery('INSERT INTO `cl...')
#3 C:\xampp\htdocs\C4\system\Database\BaseBuilder.php(2263): CodeIgniter\Database\BaseConnection->query('INSERT INTO `cl...', Array, false)
#4 C:\xampp\htdocs\C4\system\Model.php(278): CodeIgniter\Database\BaseBuilder->insert()
#5 C:\xampp\htdocs\C4\system\BaseModel.php(758): CodeIgniter\Model->doInsert(Array)
#6 C:\xampp\htdocs\C4\system\Model.php(705): CodeIgniter\BaseModel->insert(Array, true)
#7 C:\xampp\htdocs\C4\app\Models\Client_model.php(56): CodeIgniter\Model->insert(Array)
#8 C:\xampp\htdocs\C4\app\Controllers\Client.php(145): App\Models\Client_model->saverecords(Array)
#9 C:\xampp\htdocs\C4\system\CodeIgniter.php(936): App\Controllers\Client->insert()
#10 C:\xampp\htdocs\C4\system\CodeIgniter.php(432): CodeIgniter\CodeIgniter->runController(Object(App\Controllers\Client))
#11 C:\xampp\htdocs\C4\system\CodeIgniter.php(333): CodeIgniter\CodeIgniter->handleRequest(NULL, Object(Config\Cache), false)
#12 C:\xampp\htdocs\C4\index.php(44): CodeIgniter\CodeIgniter->run()
#13 {main}
ERROR - 2024-10-09 07:52:43 --> mysqli_sql_exception: Column 'country' cannot be null in C:\xampp\htdocs\C4\system\Database\MySQLi\Connection.php:314
Stack trace:
#0 C:\xampp\htdocs\C4\system\Database\MySQLi\Connection.php(314): mysqli->query('INSERT INTO `cl...')
#1 C:\xampp\htdocs\C4\system\Database\BaseConnection.php(713): CodeIgniter\Database\MySQLi\Connection->execute('INSERT INTO `cl...')
#2 C:\xampp\htdocs\C4\system\Database\BaseConnection.php(641): CodeIgniter\Database\BaseConnection->simpleQuery('INSERT INTO `cl...')
#3 C:\xampp\htdocs\C4\system\Database\BaseBuilder.php(2263): CodeIgniter\Database\BaseConnection->query('INSERT INTO `cl...', Array, false)
#4 C:\xampp\htdocs\C4\system\Model.php(278): CodeIgniter\Database\BaseBuilder->insert()
#5 C:\xampp\htdocs\C4\system\BaseModel.php(758): CodeIgniter\Model->doInsert(Array)
#6 C:\xampp\htdocs\C4\system\Model.php(705): CodeIgniter\BaseModel->insert(Array, true)
#7 C:\xampp\htdocs\C4\app\Models\Client_model.php(56): CodeIgniter\Model->insert(Array)
#8 C:\xampp\htdocs\C4\app\Controllers\Client.php(145): App\Models\Client_model->saverecords(Array)
#9 C:\xampp\htdocs\C4\system\CodeIgniter.php(936): App\Controllers\Client->insert()
#10 C:\xampp\htdocs\C4\system\CodeIgniter.php(432): CodeIgniter\CodeIgniter->runController(Object(App\Controllers\Client))
#11 C:\xampp\htdocs\C4\system\CodeIgniter.php(333): CodeIgniter\CodeIgniter->handleRequest(NULL, Object(Config\Cache), false)
#12 C:\xampp\htdocs\C4\index.php(44): CodeIgniter\CodeIgniter->run()
#13 {main}
ERROR - 2024-10-09 07:55:50 --> mysqli_sql_exception: Column 'country' cannot be null in C:\xampp\htdocs\C4\system\Database\MySQLi\Connection.php:314
Stack trace:
#0 C:\xampp\htdocs\C4\system\Database\MySQLi\Connection.php(314): mysqli->query('INSERT INTO `cl...')
#1 C:\xampp\htdocs\C4\system\Database\BaseConnection.php(713): CodeIgniter\Database\MySQLi\Connection->execute('INSERT INTO `cl...')
#2 C:\xampp\htdocs\C4\system\Database\BaseConnection.php(641): CodeIgniter\Database\BaseConnection->simpleQuery('INSERT INTO `cl...')
#3 C:\xampp\htdocs\C4\system\Database\BaseBuilder.php(2263): CodeIgniter\Database\BaseConnection->query('INSERT INTO `cl...', Array, false)
#4 C:\xampp\htdocs\C4\system\Model.php(278): CodeIgniter\Database\BaseBuilder->insert()
#5 C:\xampp\htdocs\C4\system\BaseModel.php(758): CodeIgniter\Model->doInsert(Array)
#6 C:\xampp\htdocs\C4\system\Model.php(705): CodeIgniter\BaseModel->insert(Array, true)
#7 C:\xampp\htdocs\C4\app\Models\Client_model.php(56): CodeIgniter\Model->insert(Array)
#8 C:\xampp\htdocs\C4\app\Controllers\Client.php(145): App\Models\Client_model->saverecords(Array)
#9 C:\xampp\htdocs\C4\system\CodeIgniter.php(936): App\Controllers\Client->insert()
#10 C:\xampp\htdocs\C4\system\CodeIgniter.php(432): CodeIgniter\CodeIgniter->runController(Object(App\Controllers\Client))
#11 C:\xampp\htdocs\C4\system\CodeIgniter.php(333): CodeIgniter\CodeIgniter->handleRequest(NULL, Object(Config\Cache), false)
#12 C:\xampp\htdocs\C4\index.php(44): CodeIgniter\CodeIgniter->run()
#13 {main}
CRITICAL - 2024-10-09 09:29:12 --> Array to string conversion
#0 C:\xampp\htdocs\C4\app\Controllers\Client.php(157): CodeIgniter\Debug\Exceptions->errorHandler(8, 'Array to string...', 'C:\\xampp\\htdocs...', 157, Array)
#1 C:\xampp\htdocs\C4\system\CodeIgniter.php(936): App\Controllers\Client->insert()
#2 C:\xampp\htdocs\C4\system\CodeIgniter.php(432): CodeIgniter\CodeIgniter->runController(Object(App\Controllers\Client))
#3 C:\xampp\htdocs\C4\system\CodeIgniter.php(333): CodeIgniter\CodeIgniter->handleRequest(NULL, Object(Config\Cache), false)
#4 C:\xampp\htdocs\C4\index.php(44): CodeIgniter\CodeIgniter->run()
#5 {main}
