CRITICAL - 2024-10-17 00:08:27 --> Undefined property: App\Controllers\Purchaseinv::$crudModel2
#0 C:\xampp\htdocs\C4\app\Controllers\Purchaseinv.php(111): CodeIgniter\Debug\Exceptions->errorHandler(8, 'Undefined prope...', 'C:\\xampp\\htdocs...', 111, Array)
#1 C:\xampp\htdocs\C4\system\CodeIgniter.php(936): App\Controllers\Purchaseinv->getproducts()
#2 C:\xampp\htdocs\C4\system\CodeIgniter.php(432): CodeIgniter\CodeIgniter->runController(Object(App\Controllers\Purchaseinv))
#3 C:\xampp\htdocs\C4\system\CodeIgniter.php(333): CodeIgniter\CodeIgniter->handleRequest(NULL, Object(Config\Cache), false)
#4 C:\xampp\htdocs\C4\index.php(44): CodeIgniter\CodeIgniter->run()
#5 {main}
CRITICAL - 2024-10-17 02:42:52 --> syntax error, unexpected 'public' (T_PUBLIC), expecting end of file
#0 C:\xampp\htdocs\C4\system\Router\Router.php(170): CodeIgniter\Router\Router->autoRoute('purchaseinv')
#1 C:\xampp\htdocs\C4\system\CodeIgniter.php(816): CodeIgniter\Router\Router->handle('purchaseinv')
#2 C:\xampp\htdocs\C4\system\CodeIgniter.php(385): CodeIgniter\CodeIgniter->tryToRouteIt(Object(CodeIgniter\Router\RouteCollection))
#3 C:\xampp\htdocs\C4\system\CodeIgniter.php(333): CodeIgniter\CodeIgniter->handleRequest(NULL, Object(Config\Cache), false)
#4 C:\xampp\htdocs\C4\index.php(44): CodeIgniter\CodeIgniter->run()
#5 {main}
CRITICAL - 2024-10-17 03:02:21 --> json_decode() expects parameter 1 to be string, array given
#0 [internal function]: CodeIgniter\Debug\Exceptions->errorHandler(2, 'json_decode() e...', 'C:\\xampp\\htdocs...', 173, Array)
#1 C:\xampp\htdocs\C4\app\Controllers\Purchaseinv.php(173): json_decode(Array)
#2 C:\xampp\htdocs\C4\system\CodeIgniter.php(936): App\Controllers\Purchaseinv->insert()
#3 C:\xampp\htdocs\C4\system\CodeIgniter.php(432): CodeIgniter\CodeIgniter->runController(Object(App\Controllers\Purchaseinv))
#4 C:\xampp\htdocs\C4\system\CodeIgniter.php(333): CodeIgniter\CodeIgniter->handleRequest(NULL, Object(Config\Cache), false)
#5 C:\xampp\htdocs\C4\index.php(44): CodeIgniter\CodeIgniter->run()
#6 {main}
CRITICAL - 2024-10-17 03:05:35 --> count(): Parameter must be an array or an object that implements Countable
#0 [internal function]: CodeIgniter\Debug\Exceptions->errorHandler(2, 'count(): Parame...', 'C:\\xampp\\htdocs...', 180, Array)
#1 C:\xampp\htdocs\C4\app\Controllers\Purchaseinv.php(180): count(NULL)
#2 C:\xampp\htdocs\C4\system\CodeIgniter.php(936): App\Controllers\Purchaseinv->insert()
#3 C:\xampp\htdocs\C4\system\CodeIgniter.php(432): CodeIgniter\CodeIgniter->runController(Object(App\Controllers\Purchaseinv))
#4 C:\xampp\htdocs\C4\system\CodeIgniter.php(333): CodeIgniter\CodeIgniter->handleRequest(NULL, Object(Config\Cache), false)
#5 C:\xampp\htdocs\C4\index.php(44): CodeIgniter\CodeIgniter->run()
#6 {main}
CRITICAL - 2024-10-17 03:06:50 --> count(): Parameter must be an array or an object that implements Countable
#0 [internal function]: CodeIgniter\Debug\Exceptions->errorHandler(2, 'count(): Parame...', 'C:\\xampp\\htdocs...', 180, Array)
#1 C:\xampp\htdocs\C4\app\Controllers\Purchaseinv.php(180): count(NULL)
#2 C:\xampp\htdocs\C4\system\CodeIgniter.php(936): App\Controllers\Purchaseinv->insert()
#3 C:\xampp\htdocs\C4\system\CodeIgniter.php(432): CodeIgniter\CodeIgniter->runController(Object(App\Controllers\Purchaseinv))
#4 C:\xampp\htdocs\C4\system\CodeIgniter.php(333): CodeIgniter\CodeIgniter->handleRequest(NULL, Object(Config\Cache), false)
#5 C:\xampp\htdocs\C4\index.php(44): CodeIgniter\CodeIgniter->run()
#6 {main}
CRITICAL - 2024-10-17 03:09:44 --> json_decode() expects parameter 1 to be string, array given
#0 [internal function]: CodeIgniter\Debug\Exceptions->errorHandler(2, 'json_decode() e...', 'C:\\xampp\\htdocs...', 175, Array)
#1 C:\xampp\htdocs\C4\app\Controllers\Purchaseinv.php(175): json_decode(Array)
#2 C:\xampp\htdocs\C4\system\CodeIgniter.php(936): App\Controllers\Purchaseinv->insert()
#3 C:\xampp\htdocs\C4\system\CodeIgniter.php(432): CodeIgniter\CodeIgniter->runController(Object(App\Controllers\Purchaseinv))
#4 C:\xampp\htdocs\C4\system\CodeIgniter.php(333): CodeIgniter\CodeIgniter->handleRequest(NULL, Object(Config\Cache), false)
#5 C:\xampp\htdocs\C4\index.php(44): CodeIgniter\CodeIgniter->run()
#6 {main}
CRITICAL - 2024-10-17 03:21:11 --> syntax error, unexpected 'else' (T_ELSE), expecting function (T_FUNCTION) or const (T_CONST)
#0 C:\xampp\htdocs\C4\system\Router\Router.php(170): CodeIgniter\Router\Router->autoRoute('purchaseinv')
#1 C:\xampp\htdocs\C4\system\CodeIgniter.php(816): CodeIgniter\Router\Router->handle('purchaseinv')
#2 C:\xampp\htdocs\C4\system\CodeIgniter.php(385): CodeIgniter\CodeIgniter->tryToRouteIt(Object(CodeIgniter\Router\RouteCollection))
#3 C:\xampp\htdocs\C4\system\CodeIgniter.php(333): CodeIgniter\CodeIgniter->handleRequest(NULL, Object(Config\Cache), false)
#4 C:\xampp\htdocs\C4\index.php(44): CodeIgniter\CodeIgniter->run()
#5 {main}
CRITICAL - 2024-10-17 03:22:03 --> insertBatch() called with no data
#0 C:\xampp\htdocs\C4\system\Model.php(323): CodeIgniter\Database\BaseBuilder->insertBatch(Array, NULL, 100)
#1 C:\xampp\htdocs\C4\system\BaseModel.php(843): CodeIgniter\Model->doInsertBatch(Array, NULL, 100, false)
#2 C:\xampp\htdocs\C4\app\Controllers\Purchaseinv.php(212): CodeIgniter\BaseModel->insertBatch(Array)
#3 C:\xampp\htdocs\C4\system\CodeIgniter.php(936): App\Controllers\Purchaseinv->insert()
#4 C:\xampp\htdocs\C4\system\CodeIgniter.php(432): CodeIgniter\CodeIgniter->runController(Object(App\Controllers\Purchaseinv))
#5 C:\xampp\htdocs\C4\system\CodeIgniter.php(333): CodeIgniter\CodeIgniter->handleRequest(NULL, Object(Config\Cache), false)
#6 C:\xampp\htdocs\C4\index.php(44): CodeIgniter\CodeIgniter->run()
#7 {main}
CRITICAL - 2024-10-17 03:32:52 --> There is no data to insert.
#0 C:\xampp\htdocs\C4\system\BaseModel.php(1682): CodeIgniter\Database\Exceptions\DataException::forEmptyDataset('insert')
#1 C:\xampp\htdocs\C4\system\BaseModel.php(719): CodeIgniter\BaseModel->transformDataToArray(Array, 'insert')
#2 C:\xampp\htdocs\C4\system\Model.php(705): CodeIgniter\BaseModel->insert(Array, true)
#3 C:\xampp\htdocs\C4\app\Models\Purchaseinv_model.php(57): CodeIgniter\Model->insert(Array)
#4 C:\xampp\htdocs\C4\app\Controllers\Purchaseinv.php(212): App\Models\Purchaseinv_model->saverecords(Array)
#5 C:\xampp\htdocs\C4\system\CodeIgniter.php(936): App\Controllers\Purchaseinv->insert()
#6 C:\xampp\htdocs\C4\system\CodeIgniter.php(432): CodeIgniter\CodeIgniter->runController(Object(App\Controllers\Purchaseinv))
#7 C:\xampp\htdocs\C4\system\CodeIgniter.php(333): CodeIgniter\CodeIgniter->handleRequest(NULL, Object(Config\Cache), false)
#8 C:\xampp\htdocs\C4\index.php(44): CodeIgniter\CodeIgniter->run()
#9 {main}
CRITICAL - 2024-10-17 03:34:59 --> There is no data to insert.
#0 C:\xampp\htdocs\C4\system\BaseModel.php(1682): CodeIgniter\Database\Exceptions\DataException::forEmptyDataset('insert')
#1 C:\xampp\htdocs\C4\system\BaseModel.php(719): CodeIgniter\BaseModel->transformDataToArray(Array, 'insert')
#2 C:\xampp\htdocs\C4\system\Model.php(705): CodeIgniter\BaseModel->insert(Array, true)
#3 C:\xampp\htdocs\C4\app\Models\Purchaseinv_model.php(57): CodeIgniter\Model->insert(Array)
#4 C:\xampp\htdocs\C4\app\Controllers\Purchaseinv.php(212): App\Models\Purchaseinv_model->saverecords(Array)
#5 C:\xampp\htdocs\C4\system\CodeIgniter.php(936): App\Controllers\Purchaseinv->insert()
#6 C:\xampp\htdocs\C4\system\CodeIgniter.php(432): CodeIgniter\CodeIgniter->runController(Object(App\Controllers\Purchaseinv))
#7 C:\xampp\htdocs\C4\system\CodeIgniter.php(333): CodeIgniter\CodeIgniter->handleRequest(NULL, Object(Config\Cache), false)
#8 C:\xampp\htdocs\C4\index.php(44): CodeIgniter\CodeIgniter->run()
#9 {main}
CRITICAL - 2024-10-17 03:38:28 --> Trying to access array offset on value of type null
#0 C:\xampp\htdocs\C4\app\Controllers\Purchaseinv.php(183): CodeIgniter\Debug\Exceptions->errorHandler(8, 'Trying to acces...', 'C:\\xampp\\htdocs...', 183, Array)
#1 C:\xampp\htdocs\C4\system\CodeIgniter.php(936): App\Controllers\Purchaseinv->insert()
#2 C:\xampp\htdocs\C4\system\CodeIgniter.php(432): CodeIgniter\CodeIgniter->runController(Object(App\Controllers\Purchaseinv))
#3 C:\xampp\htdocs\C4\system\CodeIgniter.php(333): CodeIgniter\CodeIgniter->handleRequest(NULL, Object(Config\Cache), false)
#4 C:\xampp\htdocs\C4\index.php(44): CodeIgniter\CodeIgniter->run()
#5 {main}
CRITICAL - 2024-10-17 03:40:04 --> Trying to access array offset on value of type null
#0 C:\xampp\htdocs\C4\app\Controllers\Purchaseinv.php(183): CodeIgniter\Debug\Exceptions->errorHandler(8, 'Trying to acces...', 'C:\\xampp\\htdocs...', 183, Array)
#1 C:\xampp\htdocs\C4\system\CodeIgniter.php(936): App\Controllers\Purchaseinv->insert()
#2 C:\xampp\htdocs\C4\system\CodeIgniter.php(432): CodeIgniter\CodeIgniter->runController(Object(App\Controllers\Purchaseinv))
#3 C:\xampp\htdocs\C4\system\CodeIgniter.php(333): CodeIgniter\CodeIgniter->handleRequest(NULL, Object(Config\Cache), false)
#4 C:\xampp\htdocs\C4\index.php(44): CodeIgniter\CodeIgniter->run()
#5 {main}
CRITICAL - 2024-10-17 03:43:34 --> syntax error, unexpected 'public' (T_PUBLIC)
#0 C:\xampp\htdocs\C4\system\Router\Router.php(170): CodeIgniter\Router\Router->autoRoute('purchaseinv')
#1 C:\xampp\htdocs\C4\system\CodeIgniter.php(816): CodeIgniter\Router\Router->handle('purchaseinv')
#2 C:\xampp\htdocs\C4\system\CodeIgniter.php(385): CodeIgniter\CodeIgniter->tryToRouteIt(Object(CodeIgniter\Router\RouteCollection))
#3 C:\xampp\htdocs\C4\system\CodeIgniter.php(333): CodeIgniter\CodeIgniter->handleRequest(NULL, Object(Config\Cache), false)
#4 C:\xampp\htdocs\C4\index.php(44): CodeIgniter\CodeIgniter->run()
#5 {main}
CRITICAL - 2024-10-17 03:44:15 --> Undefined property: App\Controllers\Purchaseinv::$purchaseInvModel
#0 C:\xampp\htdocs\C4\app\Controllers\Purchaseinv.php(224): CodeIgniter\Debug\Exceptions->errorHandler(8, 'Undefined prope...', 'C:\\xampp\\htdocs...', 224, Array)
#1 C:\xampp\htdocs\C4\system\CodeIgniter.php(936): App\Controllers\Purchaseinv->insert()
#2 C:\xampp\htdocs\C4\system\CodeIgniter.php(432): CodeIgniter\CodeIgniter->runController(Object(App\Controllers\Purchaseinv))
#3 C:\xampp\htdocs\C4\system\CodeIgniter.php(333): CodeIgniter\CodeIgniter->handleRequest(NULL, Object(Config\Cache), false)
#4 C:\xampp\htdocs\C4\index.php(44): CodeIgniter\CodeIgniter->run()
#5 {main}
ERROR - 2024-10-17 03:48:23 --> mysqli_sql_exception: Column 'item_desc' cannot be null in C:\xampp\htdocs\C4\system\Database\MySQLi\Connection.php:314
Stack trace:
#0 C:\xampp\htdocs\C4\system\Database\MySQLi\Connection.php(314): mysqli->query('INSERT INTO `pu...')
#1 C:\xampp\htdocs\C4\system\Database\BaseConnection.php(713): CodeIgniter\Database\MySQLi\Connection->execute('INSERT INTO `pu...')
#2 C:\xampp\htdocs\C4\system\Database\BaseConnection.php(641): CodeIgniter\Database\BaseConnection->simpleQuery('INSERT INTO `pu...')
#3 C:\xampp\htdocs\C4\system\Database\BaseBuilder.php(2107): CodeIgniter\Database\BaseConnection->query('INSERT INTO `pu...', Array, false)
#4 C:\xampp\htdocs\C4\system\Model.php(323): CodeIgniter\Database\BaseBuilder->insertBatch(Array, NULL, 100)
#5 C:\xampp\htdocs\C4\system\BaseModel.php(843): CodeIgniter\Model->doInsertBatch(Array, NULL, 100, false)
#6 C:\xampp\htdocs\C4\app\Controllers\Purchaseinv.php(224): CodeIgniter\BaseModel->insertBatch(Array)
#7 C:\xampp\htdocs\C4\system\CodeIgniter.php(936): App\Controllers\Purchaseinv->insert()
#8 C:\xampp\htdocs\C4\system\CodeIgniter.php(432): CodeIgniter\CodeIgniter->runController(Object(App\Controllers\Purchaseinv))
#9 C:\xampp\htdocs\C4\system\CodeIgniter.php(333): CodeIgniter\CodeIgniter->handleRequest(NULL, Object(Config\Cache), false)
#10 C:\xampp\htdocs\C4\index.php(44): CodeIgniter\CodeIgniter->run()
#11 {main}
CRITICAL - 2024-10-17 03:48:23 --> Column 'item_desc' cannot be null
#0 C:\xampp\htdocs\C4\system\Database\MySQLi\Connection.php(314): mysqli->query('INSERT INTO `pu...')
#1 C:\xampp\htdocs\C4\system\Database\BaseConnection.php(713): CodeIgniter\Database\MySQLi\Connection->execute('INSERT INTO `pu...')
#2 C:\xampp\htdocs\C4\system\Database\BaseConnection.php(641): CodeIgniter\Database\BaseConnection->simpleQuery('INSERT INTO `pu...')
#3 C:\xampp\htdocs\C4\system\Database\BaseBuilder.php(2107): CodeIgniter\Database\BaseConnection->query('INSERT INTO `pu...', Array, false)
#4 C:\xampp\htdocs\C4\system\Model.php(323): CodeIgniter\Database\BaseBuilder->insertBatch(Array, NULL, 100)
#5 C:\xampp\htdocs\C4\system\BaseModel.php(843): CodeIgniter\Model->doInsertBatch(Array, NULL, 100, false)
#6 C:\xampp\htdocs\C4\app\Controllers\Purchaseinv.php(224): CodeIgniter\BaseModel->insertBatch(Array)
#7 C:\xampp\htdocs\C4\system\CodeIgniter.php(936): App\Controllers\Purchaseinv->insert()
#8 C:\xampp\htdocs\C4\system\CodeIgniter.php(432): CodeIgniter\CodeIgniter->runController(Object(App\Controllers\Purchaseinv))
#9 C:\xampp\htdocs\C4\system\CodeIgniter.php(333): CodeIgniter\CodeIgniter->handleRequest(NULL, Object(Config\Cache), false)
#10 C:\xampp\htdocs\C4\index.php(44): CodeIgniter\CodeIgniter->run()
#11 {main}
CRITICAL - 2024-10-17 04:41:24 --> Trying to get property 'null' of non-object
#0 C:\xampp\htdocs\C4\app\Controllers\Purchaseinv.php(210): CodeIgniter\Debug\Exceptions->errorHandler(8, 'Trying to get p...', 'C:\\xampp\\htdocs...', 210, Array)
#1 C:\xampp\htdocs\C4\system\CodeIgniter.php(936): App\Controllers\Purchaseinv->insert()
#2 C:\xampp\htdocs\C4\system\CodeIgniter.php(432): CodeIgniter\CodeIgniter->runController(Object(App\Controllers\Purchaseinv))
#3 C:\xampp\htdocs\C4\system\CodeIgniter.php(333): CodeIgniter\CodeIgniter->handleRequest(NULL, Object(Config\Cache), false)
#4 C:\xampp\htdocs\C4\index.php(44): CodeIgniter\CodeIgniter->run()
#5 {main}
CRITICAL - 2024-10-17 04:41:39 --> Undefined variable: subtotal
#0 C:\xampp\htdocs\C4\app\Controllers\Purchaseinv.php(216): CodeIgniter\Debug\Exceptions->errorHandler(8, 'Undefined varia...', 'C:\\xampp\\htdocs...', 216, Array)
#1 C:\xampp\htdocs\C4\system\CodeIgniter.php(936): App\Controllers\Purchaseinv->insert()
#2 C:\xampp\htdocs\C4\system\CodeIgniter.php(432): CodeIgniter\CodeIgniter->runController(Object(App\Controllers\Purchaseinv))
#3 C:\xampp\htdocs\C4\system\CodeIgniter.php(333): CodeIgniter\CodeIgniter->handleRequest(NULL, Object(Config\Cache), false)
#4 C:\xampp\htdocs\C4\index.php(44): CodeIgniter\CodeIgniter->run()
#5 {main}
CRITICAL - 2024-10-17 04:44:11 --> syntax error, unexpected '$insertData' (T_VARIABLE)
#0 C:\xampp\htdocs\C4\system\Router\Router.php(170): CodeIgniter\Router\Router->autoRoute('purchaseinv/ins...')
#1 C:\xampp\htdocs\C4\system\CodeIgniter.php(816): CodeIgniter\Router\Router->handle('purchaseinv/ins...')
#2 C:\xampp\htdocs\C4\system\CodeIgniter.php(385): CodeIgniter\CodeIgniter->tryToRouteIt(Object(CodeIgniter\Router\RouteCollection))
#3 C:\xampp\htdocs\C4\system\CodeIgniter.php(333): CodeIgniter\CodeIgniter->handleRequest(NULL, Object(Config\Cache), false)
#4 C:\xampp\htdocs\C4\index.php(44): CodeIgniter\CodeIgniter->run()
#5 {main}
CRITICAL - 2024-10-17 04:44:47 --> syntax error, unexpected '$insertData' (T_VARIABLE)
#0 C:\xampp\htdocs\C4\system\Router\Router.php(170): CodeIgniter\Router\Router->autoRoute('purchaseinv/ins...')
#1 C:\xampp\htdocs\C4\system\CodeIgniter.php(816): CodeIgniter\Router\Router->handle('purchaseinv/ins...')
#2 C:\xampp\htdocs\C4\system\CodeIgniter.php(385): CodeIgniter\CodeIgniter->tryToRouteIt(Object(CodeIgniter\Router\RouteCollection))
#3 C:\xampp\htdocs\C4\system\CodeIgniter.php(333): CodeIgniter\CodeIgniter->handleRequest(NULL, Object(Config\Cache), false)
#4 C:\xampp\htdocs\C4\index.php(44): CodeIgniter\CodeIgniter->run()
#5 {main}
CRITICAL - 2024-10-17 04:47:15 --> syntax error, unexpected '$insertData' (T_VARIABLE)
#0 C:\xampp\htdocs\C4\system\Router\Router.php(170): CodeIgniter\Router\Router->autoRoute('purchaseinv/ins...')
#1 C:\xampp\htdocs\C4\system\CodeIgniter.php(816): CodeIgniter\Router\Router->handle('purchaseinv/ins...')
#2 C:\xampp\htdocs\C4\system\CodeIgniter.php(385): CodeIgniter\CodeIgniter->tryToRouteIt(Object(CodeIgniter\Router\RouteCollection))
#3 C:\xampp\htdocs\C4\system\CodeIgniter.php(333): CodeIgniter\CodeIgniter->handleRequest(NULL, Object(Config\Cache), false)
#4 C:\xampp\htdocs\C4\index.php(44): CodeIgniter\CodeIgniter->run()
#5 {main}
CRITICAL - 2024-10-17 04:48:41 --> Call to undefined method CodeIgniter\HTTP\IncomingRequest::request()
#0 C:\xampp\htdocs\C4\system\CodeIgniter.php(936): App\Controllers\Purchaseinv->insert()
#1 C:\xampp\htdocs\C4\system\CodeIgniter.php(432): CodeIgniter\CodeIgniter->runController(Object(App\Controllers\Purchaseinv))
#2 C:\xampp\htdocs\C4\system\CodeIgniter.php(333): CodeIgniter\CodeIgniter->handleRequest(NULL, Object(Config\Cache), false)
#3 C:\xampp\htdocs\C4\index.php(44): CodeIgniter\CodeIgniter->run()
#4 {main}
CRITICAL - 2024-10-17 04:59:23 --> Class 'App\Models\Purchaseinv2_model' not found
#0 C:\xampp\htdocs\C4\system\CodeIgniter.php(936): App\Controllers\Purchaseinv->insert()
#1 C:\xampp\htdocs\C4\system\CodeIgniter.php(432): CodeIgniter\CodeIgniter->runController(Object(App\Controllers\Purchaseinv))
#2 C:\xampp\htdocs\C4\system\CodeIgniter.php(333): CodeIgniter\CodeIgniter->handleRequest(NULL, Object(Config\Cache), false)
#3 C:\xampp\htdocs\C4\index.php(44): CodeIgniter\CodeIgniter->run()
#4 {main}
CRITICAL - 2024-10-17 05:01:57 --> Class 'App\Models\Purchaseinv_modal2' not found
#0 C:\xampp\htdocs\C4\system\CodeIgniter.php(936): App\Controllers\Purchaseinv->insert()
#1 C:\xampp\htdocs\C4\system\CodeIgniter.php(432): CodeIgniter\CodeIgniter->runController(Object(App\Controllers\Purchaseinv))
#2 C:\xampp\htdocs\C4\system\CodeIgniter.php(333): CodeIgniter\CodeIgniter->handleRequest(NULL, Object(Config\Cache), false)
#3 C:\xampp\htdocs\C4\index.php(44): CodeIgniter\CodeIgniter->run()
#4 {main}
CRITICAL - 2024-10-17 05:03:10 --> Class 'App\Models\Purchaseinv_model2' not found
#0 C:\xampp\htdocs\C4\system\CodeIgniter.php(936): App\Controllers\Purchaseinv->insert()
#1 C:\xampp\htdocs\C4\system\CodeIgniter.php(432): CodeIgniter\CodeIgniter->runController(Object(App\Controllers\Purchaseinv))
#2 C:\xampp\htdocs\C4\system\CodeIgniter.php(333): CodeIgniter\CodeIgniter->handleRequest(NULL, Object(Config\Cache), false)
#3 C:\xampp\htdocs\C4\index.php(44): CodeIgniter\CodeIgniter->run()
#4 {main}
